Added Component: Designator=P?(MHDR2X20)
Add component (AddParameter): Name = "LatestRevisionDate"; Value = "17-Jul-2002"; VariantName = "[No Variations]"
Add component (AddParameter): Name = "LatestRevisionNote"; Value = "Re-released for DXP Platform."; VariantName = "[No Variations]"
Add component (AddParameter): Name = "Publisher"; Value = "Altium Limited"; VariantName = "[No Variations]"
Add Net: Net with name "Net*_3" already exists
Add Net: Net with name "Net*_7" already exists
Add Net: Net with name "NetJ?_1" already exists
Add Net: Net with name "NetJ?_1" already exists
Add Net: Net with name "NetJ?_2" already exists
Add Net: Net with name "NetJ?_2" already exists
Add Net: Net with name "NetJ_1" already exists
Add Net: Net with name "NetJ_1" already exists
Add Net: Net with name "NetJ_2" already exists
Add Net: Net with name "NetJ_2" already exists
Added Member To Class: ClassName=Sheet4 Member=Component * lan2uart
Added Member To Class: ClassName=Sheet4 Member=Component * microbuck
Added Member To Class: ClassName=Sheet4 Member=Component * bno
Added Member To Class: ClassName=Sheet4 Member=Component J? XT60-M
Added Member To Class: ClassName=Sheet4 Member=Component J? XT60-M
Added Member To Class: ClassName=Sheet4 Member=Component J? XT30PB
Added Member To Class: ClassName=Sheet4 Member=Component J? XT30PB
Added Member To Class: ClassName=Sheet4 Member=Component J? XT30PB
Added Member To Class: ClassName=Sheet4 Member=Component J? XT60-M
Added Member To Class: ClassName=Sheet4 Member=Component J? XT60-M
Added Member To Class: ClassName=Sheet4 Member=Component J? XT30PB
Added Member To Class: ClassName=Sheet4 Member=Component J? XT30PB
Added Member To Class: ClassName=Sheet4 Member=Component J? XT30PB
Added Member To Class: ClassName=Sheet4 Member=Component J 110990030
Added Member To Class: ClassName=Sheet4 Member=Component J 110990030
Added Member To Class: ClassName=Sheet4 Member=Component J 110990030
Added Member To Class: ClassName=Sheet4 Member=Component J 110990030
Added Member To Class: ClassName=Sheet4 Member=Component J 110990030
Added Member To Class: ClassName=Sheet4 Member=Component P? MHDR2X20
Added Room: Name=Sheet4
