Add Net: Net with name "Net*_3" already exists
Add Net: Net with name "Net*_7" already exists
Add Net: Net with name "NetJ_1" already exists
Add Net: Net with name "NetJ_1" already exists
Add Net: Net with name "NetJ_2" already exists
Add Net: Net with name "NetJ_2" already exists
Added Member To Class: ClassName=Sheet4 Member=Component * bno
Added Member To Class: ClassName=Sheet4 Member=Component * microbuck
Added Member To Class: ClassName=Sheet4 Member=Component * lan2uart
Added Member To Class: ClassName=Sheet4 Member=Component J? XT30PB
Added Member To Class: ClassName=Sheet4 Member=Component J? XT30PB
Added Member To Class: ClassName=Sheet4 Member=Component J? XT30PB
Added Member To Class: ClassName=Sheet4 Member=Component J? XT30PB
Added Member To Class: ClassName=Sheet4 Member=Component J? XT30PB
Added Member To Class: ClassName=Sheet4 Member=Component J 110990030
Added Member To Class: ClassName=Sheet4 Member=Component J 110990030
Added Member To Class: ClassName=Sheet4 Member=Component J 110990030
Added Member To Class: ClassName=Sheet4 Member=Component J 110990030
Added Member To Class: ClassName=Sheet4 Member=Component J 110990030
Added Room: Name=Sheet4
