Change component parameters: Designator = "J" ("J"); Footprint = "SEEED_110990030"; UniqueID = "\WJRHGKAO" ("\WJRHGKAO")
Change component parameters (AddParameter): Name = "Arrow_Electronics-Purchase-URL"; Value = "https://snapeda.com/shop?store=Arrow+Electronics&id=583576"; VariantName = "[No Variations]"
Change component parameters (AddParameter): Name = "Availability"; Value = "Good"; VariantName = "[No Variations]"
Change component parameters (AddParameter): Name = "Check_prices"; Value = "https://www.snapeda.com/parts/110990030/Seeed%20Technology%20Co.,%20Ltd/view-part/583576/?ref=eda"; VariantName = "[No Variations]"
Change component parameters (AddParameter): Name = "MF"; Value = "Seeed Technology"; VariantName = "[No Variations]"
Change component parameters (AddParameter): Name = "Mouser-Purchase-URL"; Value = "https://snapeda.com/shop?store=Mouser&id=583576"; VariantName = "[No Variations]"
Change component parameters (AddParameter): Name = "MP"; Value = "110990030"; VariantName = "[No Variations]"
Change component parameters (AddParameter): Name = "Package"; Value = "None"; VariantName = "[No Variations]"
Change component parameters (AddParameter): Name = "Price"; Value = "None"; VariantName = "[No Variations]"
Change component parameters (AddParameter): Name = "SnapEDA_Link"; Value = "https://www.snapeda.com/parts/110990030/Seeed%20Technology%20Co.,%20Ltd/view-part/583576/?ref=snap"; VariantName = "[No Variations]"
Change component parameters (AddParameter): Name = "Value"; Value = ""; VariantName = "[No Variations]"
Added Component: Designator=J?(AMASS_XT60-M)
Add component (AddParameter): Name = "Availability"; Value = "Not in stock"; VariantName = "[No Variations]"
Add component (AddParameter): Name = "Check_prices"; Value = "https://www.snapeda.com/parts/XT60-M/AMASS/view-part/?ref=eda"; VariantName = "[No Variations]"
Add component (AddParameter): Name = "MF"; Value = "AMASS"; VariantName = "[No Variations]"
Add component (AddParameter): Name = "MP"; Value = "XT60-M"; VariantName = "[No Variations]"
Add component (AddParameter): Name = "Package"; Value = "Package"; VariantName = "[No Variations]"
Add component (AddParameter): Name = "Price"; Value = "None"; VariantName = "[No Variations]"
Add component (AddParameter): Name = "SnapEDA_Link"; Value = "https://www.snapeda.com/parts/XT60-M/AMASS/view-part/?ref=snap"; VariantName = "[No Variations]"
Add component (AddParameter): Name = "Value"; Value = ""; VariantName = "[No Variations]"
Added Component: Designator=J?(AMASS_XT60-M)
Add component (AddParameter): Name = "Availability"; Value = "Not in stock"; VariantName = "[No Variations]"
Add component (AddParameter): Name = "Check_prices"; Value = "https://www.snapeda.com/parts/XT60-M/AMASS/view-part/?ref=eda"; VariantName = "[No Variations]"
Add component (AddParameter): Name = "MF"; Value = "AMASS"; VariantName = "[No Variations]"
Add component (AddParameter): Name = "MP"; Value = "XT60-M"; VariantName = "[No Variations]"
Add component (AddParameter): Name = "Package"; Value = "Package"; VariantName = "[No Variations]"
Add component (AddParameter): Name = "Price"; Value = "None"; VariantName = "[No Variations]"
Add component (AddParameter): Name = "SnapEDA_Link"; Value = "https://www.snapeda.com/parts/XT60-M/AMASS/view-part/?ref=snap"; VariantName = "[No Variations]"
Add component (AddParameter): Name = "Value"; Value = ""; VariantName = "[No Variations]"
Added Component: Designator=J?(AMASS_XT60-M)
Add component (AddParameter): Name = "Availability"; Value = "Not in stock"; VariantName = "[No Variations]"
Add component (AddParameter): Name = "Check_prices"; Value = "https://www.snapeda.com/parts/XT60-M/AMASS/view-part/?ref=eda"; VariantName = "[No Variations]"
Add component (AddParameter): Name = "MF"; Value = "AMASS"; VariantName = "[No Variations]"
Add component (AddParameter): Name = "MP"; Value = "XT60-M"; VariantName = "[No Variations]"
Add component (AddParameter): Name = "Package"; Value = "Package"; VariantName = "[No Variations]"
Add component (AddParameter): Name = "Price"; Value = "None"; VariantName = "[No Variations]"
Add component (AddParameter): Name = "SnapEDA_Link"; Value = "https://www.snapeda.com/parts/XT60-M/AMASS/view-part/?ref=snap"; VariantName = "[No Variations]"
Add component (AddParameter): Name = "Value"; Value = ""; VariantName = "[No Variations]"
Added Component: Designator=J?(AMASS_XT60-M)
Add component (AddParameter): Name = "Availability"; Value = "Not in stock"; VariantName = "[No Variations]"
Add component (AddParameter): Name = "Check_prices"; Value = "https://www.snapeda.com/parts/XT60-M/AMASS/view-part/?ref=eda"; VariantName = "[No Variations]"
Add component (AddParameter): Name = "MF"; Value = "AMASS"; VariantName = "[No Variations]"
Add component (AddParameter): Name = "MP"; Value = "XT60-M"; VariantName = "[No Variations]"
Add component (AddParameter): Name = "Package"; Value = "Package"; VariantName = "[No Variations]"
Add component (AddParameter): Name = "Price"; Value = "None"; VariantName = "[No Variations]"
Add component (AddParameter): Name = "SnapEDA_Link"; Value = "https://www.snapeda.com/parts/XT60-M/AMASS/view-part/?ref=snap"; VariantName = "[No Variations]"
Add component (AddParameter): Name = "Value"; Value = ""; VariantName = "[No Variations]"
Added Component: Designator=J?(AMASS_XT60-M)
Add component (AddParameter): Name = "Availability"; Value = "Not in stock"; VariantName = "[No Variations]"
Add component (AddParameter): Name = "Check_prices"; Value = "https://www.snapeda.com/parts/XT60-M/AMASS/view-part/?ref=eda"; VariantName = "[No Variations]"
Add component (AddParameter): Name = "MF"; Value = "AMASS"; VariantName = "[No Variations]"
Add component (AddParameter): Name = "MP"; Value = "XT60-M"; VariantName = "[No Variations]"
Add component (AddParameter): Name = "Package"; Value = "Package"; VariantName = "[No Variations]"
Add component (AddParameter): Name = "Price"; Value = "None"; VariantName = "[No Variations]"
Add component (AddParameter): Name = "SnapEDA_Link"; Value = "https://www.snapeda.com/parts/XT60-M/AMASS/view-part/?ref=snap"; VariantName = "[No Variations]"
Add component (AddParameter): Name = "Value"; Value = ""; VariantName = "[No Variations]"
Added Pin To Net: NetName=100A Pin=J?-N
Added Pin To Net: NetName=100A Pin=J?-N
Added Pin To Net: NetName=10A Pin=J?-P
Added Pin To Net: NetName=20A Pin=J?-P
Add Net: Net with name "Net*_3" already exists
Add Net: Net with name "Net*_7" already exists
Added Pin To Net: NetName=NetJ?_1 Pin=J?-1
Added Pin To Net: NetName=NetJ?_1 Pin=J?-P
Added Net: Name=NetJ?_1
Add Net: Net with name "NetJ?_1" already exists
Add Net: Net with name "NetJ?_1" already exists
Added Pin To Net: NetName=NetJ?_2 Pin=J?-2
Added Pin To Net: NetName=NetJ?_2 Pin=J?-N
Added Net: Name=NetJ?_2
Add Net: Net with name "NetJ?_2" already exists
Add Net: Net with name "NetJ?_2" already exists
Add Net: Net with name "NetJ_1" already exists
Add Net: Net with name "NetJ_1" already exists
Add Net: Net with name "NetJ_2" already exists
Add Net: Net with name "NetJ_2" already exists
Added Member To Class: ClassName=Sheet4 Member=Component * microbuck
Added Member To Class: ClassName=Sheet4 Member=Component * lan2uart
Added Member To Class: ClassName=Sheet4 Member=Component * bno
Added Member To Class: ClassName=Sheet4 Member=Component J? XT60-M
Added Member To Class: ClassName=Sheet4 Member=Component J? XT30PB
Added Member To Class: ClassName=Sheet4 Member=Component J? XT60-M
Added Member To Class: ClassName=Sheet4 Member=Component J? XT30PB
Added Member To Class: ClassName=Sheet4 Member=Component J? XT60-M
Added Member To Class: ClassName=Sheet4 Member=Component J? XT30PB
Added Member To Class: ClassName=Sheet4 Member=Component J? XT60-M
Added Member To Class: ClassName=Sheet4 Member=Component J? XT30PB
Added Member To Class: ClassName=Sheet4 Member=Component J? XT30PB
Added Member To Class: ClassName=Sheet4 Member=Component J? XT60-M
Added Member To Class: ClassName=Sheet4 Member=Component J 110990030
Added Member To Class: ClassName=Sheet4 Member=Component J 110990030
Added Member To Class: ClassName=Sheet4 Member=Component J 110990030
Added Member To Class: ClassName=Sheet4 Member=Component J 110990030
Added Member To Class: ClassName=Sheet4 Member=Component J 110990030
Added Room: Name=Sheet4
