Replace Part * microbuck in C:\Users\Hrishikesh M Rao\Documents\altium projects\Drive system E-box\central\PCB_Project\Sheet4.SchDoc with microbuck from Schlib1.SchLib
Replace Part 1 cytron_md_horizontal_p in C:\Users\Hrishikesh M Rao\Documents\altium projects\Drive system E-box\central\PCB_Project\Sheet4.SchDoc with cytron_md_horizontal_p from Schlib1.SchLib
Replace Part 2 cytron_md_horizontal_p in C:\Users\Hrishikesh M Rao\Documents\altium projects\Drive system E-box\central\PCB_Project\Sheet4.SchDoc with cytron_md_horizontal_p from Schlib1.SchLib
Replace Part 3 cytron_md_horizontal_p in C:\Users\Hrishikesh M Rao\Documents\altium projects\Drive system E-box\central\PCB_Project\Sheet4.SchDoc with cytron_md_horizontal_p from Schlib1.SchLib
Replace Part D5 LED3 in C:\Users\Hrishikesh M Rao\Documents\altium projects\Drive system E-box\central\PCB_Project\Sheet4.SchDoc with LED3 from Miscellaneous Devices.IntLib
Replace Part D6 LED3 in C:\Users\Hrishikesh M Rao\Documents\altium projects\Drive system E-box\central\PCB_Project\Sheet4.SchDoc with LED3 from Miscellaneous Devices.IntLib
Replace Part D7 LED3 in C:\Users\Hrishikesh M Rao\Documents\altium projects\Drive system E-box\central\PCB_Project\Sheet4.SchDoc with LED3 from Miscellaneous Devices.IntLib
Replace Part D8 LED3 in C:\Users\Hrishikesh M Rao\Documents\altium projects\Drive system E-box\central\PCB_Project\Sheet4.SchDoc with LED3 from Miscellaneous Devices.IntLib
Replace Part F1 4527 in C:\Users\Hrishikesh M Rao\Documents\altium projects\Drive system E-box\central\PCB_Project\Sheet4.SchDoc with 4527 from 4527.IntLib
Replace Part F2 4527 in C:\Users\Hrishikesh M Rao\Documents\altium projects\Drive system E-box\central\PCB_Project\Sheet4.SchDoc with 4527 from 4527.IntLib
Replace Part F3 4527 in C:\Users\Hrishikesh M Rao\Documents\altium projects\Drive system E-box\central\PCB_Project\Sheet4.SchDoc with 4527 from 4527.IntLib
Replace Part F4 4527 in C:\Users\Hrishikesh M Rao\Documents\altium projects\Drive system E-box\central\PCB_Project\Sheet4.SchDoc with 4527 from 4527.IntLib
Replace Part F5 4527 in C:\Users\Hrishikesh M Rao\Documents\altium projects\Drive system E-box\central\PCB_Project\Sheet4.SchDoc with 4527 from 4527.IntLib
Replace Part J 110990030 in C:\Users\Hrishikesh M Rao\Documents\altium projects\Drive system E-box\central\PCB_Project\Sheet4.SchDoc with 110990030 from 110990030.IntLib
Replace Part J 110990030 in C:\Users\Hrishikesh M Rao\Documents\altium projects\Drive system E-box\central\PCB_Project\Sheet4.SchDoc with 110990030 from 110990030.IntLib
Replace Part J 110990030 in C:\Users\Hrishikesh M Rao\Documents\altium projects\Drive system E-box\central\PCB_Project\Sheet4.SchDoc with 110990030 from 110990030.IntLib
Replace Part J 110990030 in C:\Users\Hrishikesh M Rao\Documents\altium projects\Drive system E-box\central\PCB_Project\Sheet4.SchDoc with 110990030 from 110990030.IntLib
Replace Part J 110990030 in C:\Users\Hrishikesh M Rao\Documents\altium projects\Drive system E-box\central\PCB_Project\Sheet4.SchDoc with 110990030 from 110990030.IntLib
Replace Part J 110990030 in C:\Users\Hrishikesh M Rao\Documents\altium projects\Drive system E-box\central\PCB_Project\Sheet4.SchDoc with 110990030 from 110990030.IntLib
Replace Part J1 RASPBERRY_PI_4B_+_Samtec_ESP-120-33-G-D in C:\Users\Hrishikesh M Rao\Documents\altium projects\Drive system E-box\central\PCB_Project\Sheet4.SchDoc with RASPBERRY_PI_4B_+_Samtec_ESP-120-33-G-D from SamacSys.SchLib
Replace Part J2 XT60-M in C:\Users\Hrishikesh M Rao\Documents\altium projects\Drive system E-box\central\PCB_Project\Sheet4.SchDoc with XT60-M from XT60-M.IntLib
Replace Part J3 XT60-M in C:\Users\Hrishikesh M Rao\Documents\altium projects\Drive system E-box\central\PCB_Project\Sheet4.SchDoc with XT60-M from XT60-M.IntLib
Replace Part J5 XT60-M in C:\Users\Hrishikesh M Rao\Documents\altium projects\Drive system E-box\central\PCB_Project\Sheet4.SchDoc with XT60-M from XT60-M.IntLib
Replace Part J6 XT60-M in C:\Users\Hrishikesh M Rao\Documents\altium projects\Drive system E-box\central\PCB_Project\Sheet4.SchDoc with XT60-M from XT60-M.IntLib
Replace Part J7 XT60-M in C:\Users\Hrishikesh M Rao\Documents\altium projects\Drive system E-box\central\PCB_Project\Sheet4.SchDoc with XT60-M from XT60-M.IntLib
Replace Part P1 Header 3 in C:\Users\Hrishikesh M Rao\Documents\altium projects\Drive system E-box\central\PCB_Project\Sheet4.SchDoc with Header 3 from Miscellaneous Connectors.IntLib
Replace Part P2 Header 3 in C:\Users\Hrishikesh M Rao\Documents\altium projects\Drive system E-box\central\PCB_Project\Sheet4.SchDoc with Header 3 from Miscellaneous Connectors.IntLib
Replace Part P3 Header 3 in C:\Users\Hrishikesh M Rao\Documents\altium projects\Drive system E-box\central\PCB_Project\Sheet4.SchDoc with Header 3 from Miscellaneous Connectors.IntLib
Replace Part P4 Header 3 in C:\Users\Hrishikesh M Rao\Documents\altium projects\Drive system E-box\central\PCB_Project\Sheet4.SchDoc with Header 3 from Miscellaneous Connectors.IntLib
Replace Part P5 282837-2 in C:\Users\Hrishikesh M Rao\Documents\altium projects\Drive system E-box\central\PCB_Project\Sheet4.SchDoc with 282837-2 from 282837-2.IntLib
Replace Part P6 282837-2 in C:\Users\Hrishikesh M Rao\Documents\altium projects\Drive system E-box\central\PCB_Project\Sheet4.SchDoc with 282837-2 from 282837-2.IntLib
Replace Part P7 282837-2 in C:\Users\Hrishikesh M Rao\Documents\altium projects\Drive system E-box\central\PCB_Project\Sheet4.SchDoc with 282837-2 from 282837-2.IntLib
Replace Part P8 282837-2 in C:\Users\Hrishikesh M Rao\Documents\altium projects\Drive system E-box\central\PCB_Project\Sheet4.SchDoc with 282837-2 from 282837-2.IntLib
Replace Part P9 282837-2 in C:\Users\Hrishikesh M Rao\Documents\altium projects\Drive system E-box\central\PCB_Project\Sheet4.SchDoc with 282837-2 from 282837-2.IntLib
Replace Part R5 Res3 in C:\Users\Hrishikesh M Rao\Documents\altium projects\Drive system E-box\central\PCB_Project\Sheet4.SchDoc with Res3 from Miscellaneous Devices.IntLib
Replace Part R6 Res3 in C:\Users\Hrishikesh M Rao\Documents\altium projects\Drive system E-box\central\PCB_Project\Sheet4.SchDoc with Res3 from Miscellaneous Devices.IntLib
Replace Part R7 Res3 in C:\Users\Hrishikesh M Rao\Documents\altium projects\Drive system E-box\central\PCB_Project\Sheet4.SchDoc with Res3 from Miscellaneous Devices.IntLib
Replace Part R8 Res3 in C:\Users\Hrishikesh M Rao\Documents\altium projects\Drive system E-box\central\PCB_Project\Sheet4.SchDoc with Res3 from Miscellaneous Devices.IntLib
Replace Part U1 ESP32-DEVKITC-32D in C:\Users\Hrishikesh M Rao\Documents\altium projects\Drive system E-box\central\PCB_Project\Sheet4.SchDoc with ESP32-DEVKITC-32D from ESP32-DEVKITC-32D.IntLib
