Added Component: Designator=*(BNO)
Added Component: Designator=*(bno080)
Added Component: Designator=P1(HDR1X9)
Add component (AddParameter): Name = "LatestRevisionDate"; Value = "17-Jul-2002"; VariantName = "[No Variations]"
Add component (AddParameter): Name = "LatestRevisionNote"; Value = "Re-released for DXP Platform."; VariantName = "[No Variations]"
Add component (AddParameter): Name = "Publisher"; Value = "Altium Limited"; VariantName = "[No Variations]"
Added Component: Designator=P2(HDR1X9)
Add component (AddParameter): Name = "LatestRevisionDate"; Value = "17-Jul-2002"; VariantName = "[No Variations]"
Add component (AddParameter): Name = "LatestRevisionNote"; Value = "Re-released for DXP Platform."; VariantName = "[No Variations]"
Add component (AddParameter): Name = "Publisher"; Value = "Altium Limited"; VariantName = "[No Variations]"
Added Component: Designator=TB1(SHIELD_ARDUINO_NANO)
Add component (AddParameter): Name = "Availability"; Value = "Not in stock"; VariantName = "[No Variations]"
Add component (AddParameter): Name = "Check_prices"; Value = "https://www.snapeda.com/parts/Arduino%20Nano/Arduino/view-part/?ref=eda"; VariantName = "[No Variations]"
Add component (AddParameter): Name = "MF"; Value = "Arduino"; VariantName = "[No Variations]"
Add component (AddParameter): Name = "MP"; Value = "Arduino Nano"; VariantName = "[No Variations]"
Add component (AddParameter): Name = "Package"; Value = "Non-Standard Arduino"; VariantName = "[No Variations]"
Add component (AddParameter): Name = "Price"; Value = "None"; VariantName = "[No Variations]"
Add component (AddParameter): Name = "SnapEDA_Link"; Value = "https://www.snapeda.com/parts/Arduino%20Nano/Arduino/view-part/?ref=snap"; VariantName = "[No Variations]"
Add component (AddParameter): Name = "Value"; Value = ""; VariantName = "[No Variations]"
Added Pin To Net: NetName=Net*_10 Pin=*-10
Added Pin To Net: NetName=Net*_11 Pin=*-11
Added Pin To Net: NetName=Net*_12 Pin=*-12
Added Pin To Net: NetName=Net*_14 Pin=*-14
Added Pin To Net: NetName=Net*_17 Pin=*-17
Added Pin To Net: NetName=Net*_18 Pin=*-18
Added Pin To Net: NetName=Net*_19 Pin=*-19
Added Pin To Net: NetName=Net*_10 Pin=*-20
Added Pin To Net: NetName=NetP1_1 Pin=P1-1
Added Pin To Net: NetName=NetP1_2 Pin=P1-2
Added Pin To Net: NetName=NetP1_3 Pin=P1-3
Added Pin To Net: NetName=NetP1_4 Pin=P1-4
Added Pin To Net: NetName=NetP1_5 Pin=P1-5
Added Pin To Net: NetName=NetP1_6 Pin=P1-6
Added Pin To Net: NetName=NetP1_7 Pin=P1-7
Added Pin To Net: NetName=NetP1_8 Pin=P1-8
Added Pin To Net: NetName=NetP1_9 Pin=P1-9
Added Pin To Net: NetName=Net*_19 Pin=P2-1
Added Pin To Net: NetName=Net*_10 Pin=P2-2
Added Pin To Net: NetName=Net*_18 Pin=P2-3
Added Pin To Net: NetName=Net*_17 Pin=P2-4
Added Pin To Net: NetName=NetP2_5 Pin=P2-5
Added Pin To Net: NetName=NetP2_6 Pin=P2-6
Added Pin To Net: NetName=NetP2_7 Pin=P2-7
Added Pin To Net: NetName=NetP2_8 Pin=P2-8
Added Pin To Net: NetName=NetP1_4 Pin=TB1-1
Added Pin To Net: NetName=NetP1_1 Pin=TB1-2
Added Pin To Net: NetName=Net*_10 Pin=TB1-4
Added Pin To Net: NetName=NetP1_2 Pin=TB1-5
Added Pin To Net: NetName=NetP1_5 Pin=TB1-6
Added Pin To Net: NetName=NetP1_3 Pin=TB1-7
Added Pin To Net: NetName=NetP1_6 Pin=TB1-8
Added Pin To Net: NetName=NetP1_7 Pin=TB1-12
Added Pin To Net: NetName=NetP1_8 Pin=TB1-13
Added Pin To Net: NetName=NetP1_9 Pin=TB1-14
Added Pin To Net: NetName=Net*_12 Pin=TB1-17
Added Pin To Net: NetName=NetP2_5 Pin=TB1-19
Added Pin To Net: NetName=NetP2_6 Pin=TB1-20
Added Pin To Net: NetName=NetP2_7 Pin=TB1-21
Added Pin To Net: NetName=NetP2_8 Pin=TB1-22
Added Pin To Net: NetName=Net*_11 Pin=TB1-23
Added Pin To Net: NetName=Net*_14 Pin=TB1-24
Added Pin To Net: NetName=Net*_10 Pin=TB1-29
Added Member To Class: ClassName=Sheet1 Member=Component * bno
Added Member To Class: ClassName=Sheet1 Member=Component * bno080
Added Member To Class: ClassName=Sheet1 Member=Component P1 Header 9
Added Member To Class: ClassName=Sheet1 Member=Component P2 Header 9
Added Member To Class: ClassName=Sheet1 Member=Component TB1 ARDUINO_NANO
Added Room: Name=Sheet1
