Removed Pin From Net: NetName=NetU1_27 Pin=D30-1
Removed Pin From Net: NetName=Net1_3 Pin=J2-N
Removed Pin From Net: NetName=NetP9_1 Pin=U2-11
Removed Pin From Net: NetName=NetP9_2 Pin=U2-12
Removed Member From Class: ClassName=Sheet2 Member=J2
Add Component: Footprint Not Found TE_282834-3
Added Component: Designator=J?(AMASS_XT60-M)
Add component (AddParameter): Name = "Availability"; Value = "Not in stock"; VariantName = "[No Variations]"
Add component (AddParameter): Name = "Check_prices"; Value = "https://www.snapeda.com/parts/XT60-M/AMASS/view-part/?ref=eda"; VariantName = "[No Variations]"
Add component (AddParameter): Name = "MF"; Value = "AMASS"; VariantName = "[No Variations]"
Add component (AddParameter): Name = "MP"; Value = "XT60-M"; VariantName = "[No Variations]"
Add component (AddParameter): Name = "Package"; Value = "Package"; VariantName = "[No Variations]"
Add component (AddParameter): Name = "Price"; Value = "None"; VariantName = "[No Variations]"
Add component (AddParameter): Name = "SnapEDA_Link"; Value = "https://www.snapeda.com/parts/XT60-M/AMASS/view-part/?ref=snap"; VariantName = "[No Variations]"
Add component (AddParameter): Name = "Value"; Value = ""; VariantName = "[No Variations]"
Add Pin To Net: Unknown Pin: Pin J3-1
Add Pin To Net: Unknown Pin: Pin J3-2
Add Pin To Net: Unknown Pin: Pin J3-3
Added Pin To Net: NetName=GND Pin=J?-N
Added Pin To Net: NetName=Net1_3 Pin=J?-P
Added Pin To Net: NetName=NetP9_2 Pin=U2-11
Added Pin To Net: NetName=NetP9_1 Pin=U2-12
Add Class Member: Failed to add class member : Component J3 282834-3
Added Member To Class: ClassName=Sheet2 Member=Component J? XT60-M
Added Member To Class: ClassName=Sheet2 Member=Component J 110990030
Added Member To Class: ClassName=Sheet2 Member=Component J 110990030
Added Room: Name=Sheet2
