Removed Pin From Net: NetName=GND Pin=*-4
Remove Pin from Net: Failed to remove Pin
Remove Pin from Net: Failed to remove Pin
Added Component: Designator=1(Cytron_md)
Added Component: Designator=2(Cytron_md)
Added Component: Designator=3(Cytron_md)
Add Component: Footprint Not Found TE_282834-3
Added Pin To Net: NetName=GND Pin=1-4
Added Pin To Net: NetName=GND Pin=2-4
Added Pin To Net: NetName=GND Pin=3-4
Add Pin To Net: Unknown Pin: Pin J3-1
Add Pin To Net: Unknown Pin: Pin J3-2
Add Pin To Net: Unknown Pin: Pin J3-3
Added Pin To Net: NetName=Net1_1 Pin=1-1
Added Pin To Net: NetName=Net1_1 Pin=P14-1
Added Net: Name=Net1_1
Added Pin To Net: NetName=Net1_2 Pin=1-2
Added Pin To Net: NetName=Net1_2 Pin=P14-2
Added Net: Name=Net1_2
Added Pin To Net: NetName=Net1_3 Pin=1-3
Added Pin To Net: NetName=Net1_3 Pin=2-3
Added Pin To Net: NetName=Net1_3 Pin=3-3
Added Pin To Net: NetName=Net1_3 Pin=*-1
Added Pin To Net: NetName=Net1_3 Pin=J2-N
Added Pin To Net: NetName=Net1_3 Pin=U2-16
Added Net: Name=Net1_3
Added Pin To Net: NetName=Net2_1 Pin=2-1
Added Pin To Net: NetName=Net2_1 Pin=P18-1
Added Net: Name=Net2_1
Added Pin To Net: NetName=Net2_2 Pin=2-2
Added Pin To Net: NetName=Net2_2 Pin=P18-2
Added Net: Name=Net2_2
Added Pin To Net: NetName=Net3_1 Pin=3-1
Added Pin To Net: NetName=Net3_1 Pin=P17-1
Added Net: Name=Net3_1
Added Pin To Net: NetName=Net3_2 Pin=3-2
Added Pin To Net: NetName=Net3_2 Pin=P17-2
Added Net: Name=Net3_2
Added Member To Class: ClassName=Sheet2 Member=Component 1 cytron_md_horizontal_p
Added Member To Class: ClassName=Sheet2 Member=Component 2 cytron_md_horizontal_p
Added Member To Class: ClassName=Sheet2 Member=Component 3 cytron_md_horizontal_p
Add Class Member: Failed to add class member : Component J3 282834-3
Added Member To Class: ClassName=Sheet2 Member=Component J 110990030
Added Member To Class: ClassName=Sheet2 Member=Component J 110990030
