Add Component: Footprint Not Found FUSE_4527
Add Component: Footprint Not Found TE_282834-3
Add Component: Footprint Not Found SW_1825910-6-4
Add Component: Footprint Not Found SW_1825910-6-4
Add Component: Footprint Not Found SW_1825910-6-4
Add Component: Footprint Not Found SW_1825910-6-4
Add Component: Footprint Not Found SW_1825910-6-4
Add Component: Footprint Not Found SW_1825910-6-4
Add Component: Footprint Not Found SW_1825910-6-4
Add Component: Footprint Not Found SW_1825910-6-4
Add Component: Footprint Not Found SW_1825910-6-4
Add Component: Footprint Not Found SW_1825910-6-4
Added Component: Designator=U2(MODULE_A4988_STEPPER_MOTOR_DRIVER_CARRIER)
Add component (AddParameter): Name = "Availability"; Value = "Unavailable"; VariantName = "[No Variations]"
Add component (AddParameter): Name = "MF"; Value = ""; VariantName = "[No Variations]"
Add component (AddParameter): Name = "MP"; Value = "A4988_STEPPER_MOTOR_DRIVER_CARRIER"; VariantName = "[No Variations]"
Add component (AddParameter): Name = "Package"; Value = "None"; VariantName = "[No Variations]"
Add component (AddParameter): Name = "Price"; Value = "None"; VariantName = "[No Variations]"
Add component (AddParameter): Name = "Value"; Value = ""; VariantName = "[No Variations]"
Add Pin To Net: Unknown Pin: Pin F1-1
Add Pin To Net: Unknown Pin: Pin F1-2
Add Pin To Net: Unknown Pin: Pin J3-1
Add Pin To Net: Unknown Pin: Pin J3-2
Add Pin To Net: Unknown Pin: Pin J3-3
Add Pin To Net: Unknown Pin: Pin SW1-1
Add Pin To Net: Unknown Pin: Pin SW1-3
Add Pin To Net: Unknown Pin: Pin SW2-1
Add Pin To Net: Unknown Pin: Pin SW2-3
Add Pin To Net: Unknown Pin: Pin SW3-1
Add Pin To Net: Unknown Pin: Pin SW3-3
Add Pin To Net: Unknown Pin: Pin SW4-1
Add Pin To Net: Unknown Pin: Pin SW4-3
Add Pin To Net: Unknown Pin: Pin SW5-1
Add Pin To Net: Unknown Pin: Pin SW5-3
Add Pin To Net: Unknown Pin: Pin SW6-1
Add Pin To Net: Unknown Pin: Pin SW6-3
Add Pin To Net: Unknown Pin: Pin SW7-1
Add Pin To Net: Unknown Pin: Pin SW7-3
Add Pin To Net: Unknown Pin: Pin SW8-1
Add Pin To Net: Unknown Pin: Pin SW8-3
Add Pin To Net: Unknown Pin: Pin SW9-1
Add Pin To Net: Unknown Pin: Pin SW9-3
Add Pin To Net: Unknown Pin: Pin SW10-1
Add Pin To Net: Unknown Pin: Pin SW10-3
Added Pin To Net: NetName=NetU2_5 Pin=U2-5
Added Pin To Net: NetName=NetU2_5 Pin=U2-6
Added Pin To Net: NetName=NetU1_21 Pin=U2-7
Added Pin To Net: NetName=NetU1_22 Pin=U2-8
Added Pin To Net: NetName=GND Pin=U2-9
Added Pin To Net: NetName=NetD11_2 Pin=U2-10
Added Pin To Net: NetName=NetP9_2 Pin=U2-11
Added Pin To Net: NetName=NetP9_1 Pin=U2-12
Added Pin To Net: NetName=NetP9_3 Pin=U2-13
Added Pin To Net: NetName=NetP9_4 Pin=U2-14
Added Pin To Net: NetName=GND Pin=U2-15
Add Net: Net with name "Net*_1" already exists
Added Member To Class: ClassName=Sheet2 Member=Component * micro_buck
Added Member To Class: ClassName=Sheet2 Member=Component * cytron_md_horizontal_p
Added Member To Class: ClassName=Sheet2 Member=Component * cytron_md_horizontal_p
Add Class Member: Failed to add class member : Component F1 4527
Add Class Member: Failed to add class member : Component J3 282834-3
Added Member To Class: ClassName=Sheet2 Member=Component J 110990030
Added Member To Class: ClassName=Sheet2 Member=Component J 110990030
Add Class Member: Failed to add class member : Component SW1 1825910-6
Add Class Member: Failed to add class member : Component SW2 1825910-6
Add Class Member: Failed to add class member : Component SW3 1825910-6
Add Class Member: Failed to add class member : Component SW4 1825910-6
Add Class Member: Failed to add class member : Component SW5 1825910-6
Add Class Member: Failed to add class member : Component SW6 1825910-6
Add Class Member: Failed to add class member : Component SW7 1825910-6
Add Class Member: Failed to add class member : Component SW8 1825910-6
Add Class Member: Failed to add class member : Component SW9 1825910-6
Add Class Member: Failed to add class member : Component SW10 1825910-6
Added Member To Class: ClassName=Sheet2 Member=Component U2 A4988_STEPPER_MOTOR_DRIVER_CARRIER
