Added Component: Designator=*(PCBComponent_1)
Added Component: Designator=D1(3.2X1.6X1.1)
Add component (AddParameter): Name = "LatestRevisionDate"; Value = "17-Jul-2002"; VariantName = "[No Variations]"
Add component (AddParameter): Name = "LatestRevisionNote"; Value = "Re-released for DXP Platform."; VariantName = "[No Variations]"
Add component (AddParameter): Name = "PackageDescription"; Value = "SM LED; 2 Flat Leads"; VariantName = "[No Variations]"
Add component (AddParameter): Name = "PackageReference"; Value = "3.2X1.6X1.1"; VariantName = "[No Variations]"
Add component (AddParameter): Name = "PackageVersion"; Value = "Feb-2002"; VariantName = "[No Variations]"
Add component (AddParameter): Name = "Published"; Value = "8-Jun-2000"; VariantName = "[No Variations]"
Add component (AddParameter): Name = "Publisher"; Value = "Altium Limited"; VariantName = "[No Variations]"
Added Component: Designator=D2(3.2X1.6X1.1)
Add component (AddParameter): Name = "LatestRevisionDate"; Value = "17-Jul-2002"; VariantName = "[No Variations]"
Add component (AddParameter): Name = "LatestRevisionNote"; Value = "Re-released for DXP Platform."; VariantName = "[No Variations]"
Add component (AddParameter): Name = "PackageDescription"; Value = "SM LED; 2 Flat Leads"; VariantName = "[No Variations]"
Add component (AddParameter): Name = "PackageReference"; Value = "3.2X1.6X1.1"; VariantName = "[No Variations]"
Add component (AddParameter): Name = "PackageVersion"; Value = "Feb-2002"; VariantName = "[No Variations]"
Add component (AddParameter): Name = "Published"; Value = "8-Jun-2000"; VariantName = "[No Variations]"
Add component (AddParameter): Name = "Publisher"; Value = "Altium Limited"; VariantName = "[No Variations]"
Added Component: Designator=D3(3.2X1.6X1.1)
Add component (AddParameter): Name = "LatestRevisionDate"; Value = "17-Jul-2002"; VariantName = "[No Variations]"
Add component (AddParameter): Name = "LatestRevisionNote"; Value = "Re-released for DXP Platform."; VariantName = "[No Variations]"
Add component (AddParameter): Name = "PackageDescription"; Value = "SM LED; 2 Flat Leads"; VariantName = "[No Variations]"
Add component (AddParameter): Name = "PackageReference"; Value = "3.2X1.6X1.1"; VariantName = "[No Variations]"
Add component (AddParameter): Name = "PackageVersion"; Value = "Feb-2002"; VariantName = "[No Variations]"
Add component (AddParameter): Name = "Published"; Value = "8-Jun-2000"; VariantName = "[No Variations]"
Add component (AddParameter): Name = "Publisher"; Value = "Altium Limited"; VariantName = "[No Variations]"
Added Component: Designator=D4(3.2X1.6X1.1)
Add component (AddParameter): Name = "LatestRevisionDate"; Value = "17-Jul-2002"; VariantName = "[No Variations]"
Add component (AddParameter): Name = "LatestRevisionNote"; Value = "Re-released for DXP Platform."; VariantName = "[No Variations]"
Add component (AddParameter): Name = "PackageDescription"; Value = "SM LED; 2 Flat Leads"; VariantName = "[No Variations]"
Add component (AddParameter): Name = "PackageReference"; Value = "3.2X1.6X1.1"; VariantName = "[No Variations]"
Add component (AddParameter): Name = "PackageVersion"; Value = "Feb-2002"; VariantName = "[No Variations]"
Add component (AddParameter): Name = "Published"; Value = "8-Jun-2000"; VariantName = "[No Variations]"
Add component (AddParameter): Name = "Publisher"; Value = "Altium Limited"; VariantName = "[No Variations]"
Added Component: Designator=D5(3.2X1.6X1.1)
Add component (AddParameter): Name = "LatestRevisionDate"; Value = "17-Jul-2002"; VariantName = "[No Variations]"
Add component (AddParameter): Name = "LatestRevisionNote"; Value = "Re-released for DXP Platform."; VariantName = "[No Variations]"
Add component (AddParameter): Name = "PackageDescription"; Value = "SM LED; 2 Flat Leads"; VariantName = "[No Variations]"
Add component (AddParameter): Name = "PackageReference"; Value = "3.2X1.6X1.1"; VariantName = "[No Variations]"
Add component (AddParameter): Name = "PackageVersion"; Value = "Feb-2002"; VariantName = "[No Variations]"
Add component (AddParameter): Name = "Published"; Value = "8-Jun-2000"; VariantName = "[No Variations]"
Add component (AddParameter): Name = "Publisher"; Value = "Altium Limited"; VariantName = "[No Variations]"
Added Component: Designator=D6(3.2X1.6X1.1)
Add component (AddParameter): Name = "LatestRevisionDate"; Value = "17-Jul-2002"; VariantName = "[No Variations]"
Add component (AddParameter): Name = "LatestRevisionNote"; Value = "Re-released for DXP Platform."; VariantName = "[No Variations]"
Add component (AddParameter): Name = "PackageDescription"; Value = "SM LED; 2 Flat Leads"; VariantName = "[No Variations]"
Add component (AddParameter): Name = "PackageReference"; Value = "3.2X1.6X1.1"; VariantName = "[No Variations]"
Add component (AddParameter): Name = "PackageVersion"; Value = "Feb-2002"; VariantName = "[No Variations]"
Add component (AddParameter): Name = "Published"; Value = "8-Jun-2000"; VariantName = "[No Variations]"
Add component (AddParameter): Name = "Publisher"; Value = "Altium Limited"; VariantName = "[No Variations]"
Added Component: Designator=D7(3.2X1.6X1.1)
Add component (AddParameter): Name = "LatestRevisionDate"; Value = "17-Jul-2002"; VariantName = "[No Variations]"
Add component (AddParameter): Name = "LatestRevisionNote"; Value = "Re-released for DXP Platform."; VariantName = "[No Variations]"
Add component (AddParameter): Name = "PackageDescription"; Value = "SM LED; 2 Flat Leads"; VariantName = "[No Variations]"
Add component (AddParameter): Name = "PackageReference"; Value = "3.2X1.6X1.1"; VariantName = "[No Variations]"
Add component (AddParameter): Name = "PackageVersion"; Value = "Feb-2002"; VariantName = "[No Variations]"
Add component (AddParameter): Name = "Published"; Value = "8-Jun-2000"; VariantName = "[No Variations]"
Add component (AddParameter): Name = "Publisher"; Value = "Altium Limited"; VariantName = "[No Variations]"
Added Component: Designator=D8(3.2X1.6X1.1)
Add component (AddParameter): Name = "LatestRevisionDate"; Value = "17-Jul-2002"; VariantName = "[No Variations]"
Add component (AddParameter): Name = "LatestRevisionNote"; Value = "Re-released for DXP Platform."; VariantName = "[No Variations]"
Add component (AddParameter): Name = "PackageDescription"; Value = "SM LED; 2 Flat Leads"; VariantName = "[No Variations]"
Add component (AddParameter): Name = "PackageReference"; Value = "3.2X1.6X1.1"; VariantName = "[No Variations]"
Add component (AddParameter): Name = "PackageVersion"; Value = "Feb-2002"; VariantName = "[No Variations]"
Add component (AddParameter): Name = "Published"; Value = "8-Jun-2000"; VariantName = "[No Variations]"
Add component (AddParameter): Name = "Publisher"; Value = "Altium Limited"; VariantName = "[No Variations]"
Added Component: Designator=D9(3.2X1.6X1.1)
Add component (AddParameter): Name = "LatestRevisionDate"; Value = "17-Jul-2002"; VariantName = "[No Variations]"
Add component (AddParameter): Name = "LatestRevisionNote"; Value = "Re-released for DXP Platform."; VariantName = "[No Variations]"
Add component (AddParameter): Name = "PackageDescription"; Value = "SM LED; 2 Flat Leads"; VariantName = "[No Variations]"
Add component (AddParameter): Name = "PackageReference"; Value = "3.2X1.6X1.1"; VariantName = "[No Variations]"
Add component (AddParameter): Name = "PackageVersion"; Value = "Feb-2002"; VariantName = "[No Variations]"
Add component (AddParameter): Name = "Published"; Value = "8-Jun-2000"; VariantName = "[No Variations]"
Add component (AddParameter): Name = "Publisher"; Value = "Altium Limited"; VariantName = "[No Variations]"
Added Component: Designator=D10(3.2X1.6X1.1)
Add component (AddParameter): Name = "LatestRevisionDate"; Value = "17-Jul-2002"; VariantName = "[No Variations]"
Add component (AddParameter): Name = "LatestRevisionNote"; Value = "Re-released for DXP Platform."; VariantName = "[No Variations]"
Add component (AddParameter): Name = "PackageDescription"; Value = "SM LED; 2 Flat Leads"; VariantName = "[No Variations]"
Add component (AddParameter): Name = "PackageReference"; Value = "3.2X1.6X1.1"; VariantName = "[No Variations]"
Add component (AddParameter): Name = "PackageVersion"; Value = "Feb-2002"; VariantName = "[No Variations]"
Add component (AddParameter): Name = "Published"; Value = "8-Jun-2000"; VariantName = "[No Variations]"
Add component (AddParameter): Name = "Publisher"; Value = "Altium Limited"; VariantName = "[No Variations]"
Added Component: Designator=D11(SMB)
Add component (AddParameter): Name = "Code_JEDEC"; Value = "DO-214-AA"; VariantName = "[No Variations]"
Add component (AddParameter): Name = "LatestRevisionDate"; Value = "17-Jul-2002"; VariantName = "[No Variations]"
Add component (AddParameter): Name = "LatestRevisionNote"; Value = "Re-released for DXP Platform."; VariantName = "[No Variations]"
Add component (AddParameter): Name = "PackageDescription"; Value = "DO-214-AA/SMB; 2 C-Bend Leads; Body 5.3 x 3.6 mm, inc. leads (LxW)"; VariantName = "[No Variations]"
Add component (AddParameter): Name = "PackageReference"; Value = "SMB"; VariantName = "[No Variations]"
Add component (AddParameter): Name = "Published"; Value = "8-Jun-2000"; VariantName = "[No Variations]"
Add component (AddParameter): Name = "Publisher"; Value = "Altium Limited"; VariantName = "[No Variations]"
Added Component: Designator=D12(3.2X1.6X1.1)
Add component (AddParameter): Name = "LatestRevisionDate"; Value = "17-Jul-2002"; VariantName = "[No Variations]"
Add component (AddParameter): Name = "LatestRevisionNote"; Value = "Re-released for DXP Platform."; VariantName = "[No Variations]"
Add component (AddParameter): Name = "PackageDescription"; Value = "SM LED; 2 Flat Leads"; VariantName = "[No Variations]"
Add component (AddParameter): Name = "PackageReference"; Value = "3.2X1.6X1.1"; VariantName = "[No Variations]"
Add component (AddParameter): Name = "PackageVersion"; Value = "Feb-2002"; VariantName = "[No Variations]"
Add component (AddParameter): Name = "Published"; Value = "8-Jun-2000"; VariantName = "[No Variations]"
Add component (AddParameter): Name = "Publisher"; Value = "Altium Limited"; VariantName = "[No Variations]"
Added Component: Designator=D13(SMB)
Add component (AddParameter): Name = "Code_JEDEC"; Value = "DO-214-AA"; VariantName = "[No Variations]"
Add component (AddParameter): Name = "LatestRevisionDate"; Value = "17-Jul-2002"; VariantName = "[No Variations]"
Add component (AddParameter): Name = "LatestRevisionNote"; Value = "Re-released for DXP Platform."; VariantName = "[No Variations]"
Add component (AddParameter): Name = "PackageDescription"; Value = "DO-214-AA/SMB; 2 C-Bend Leads; Body 5.3 x 3.6 mm, inc. leads (LxW)"; VariantName = "[No Variations]"
Add component (AddParameter): Name = "PackageReference"; Value = "SMB"; VariantName = "[No Variations]"
Add component (AddParameter): Name = "Published"; Value = "8-Jun-2000"; VariantName = "[No Variations]"
Add component (AddParameter): Name = "Publisher"; Value = "Altium Limited"; VariantName = "[No Variations]"
Added Component: Designator=D14(SMB)
Add component (AddParameter): Name = "Code_JEDEC"; Value = "DO-214-AA"; VariantName = "[No Variations]"
Add component (AddParameter): Name = "LatestRevisionDate"; Value = "17-Jul-2002"; VariantName = "[No Variations]"
Add component (AddParameter): Name = "LatestRevisionNote"; Value = "Re-released for DXP Platform."; VariantName = "[No Variations]"
Add component (AddParameter): Name = "PackageDescription"; Value = "DO-214-AA/SMB; 2 C-Bend Leads; Body 5.3 x 3.6 mm, inc. leads (LxW)"; VariantName = "[No Variations]"
Add component (AddParameter): Name = "PackageReference"; Value = "SMB"; VariantName = "[No Variations]"
Add component (AddParameter): Name = "Published"; Value = "8-Jun-2000"; VariantName = "[No Variations]"
Add component (AddParameter): Name = "Publisher"; Value = "Altium Limited"; VariantName = "[No Variations]"
Added Component: Designator=D15(SMB)
Add component (AddParameter): Name = "Code_JEDEC"; Value = "DO-214-AA"; VariantName = "[No Variations]"
Add component (AddParameter): Name = "LatestRevisionDate"; Value = "17-Jul-2002"; VariantName = "[No Variations]"
Add component (AddParameter): Name = "LatestRevisionNote"; Value = "Re-released for DXP Platform."; VariantName = "[No Variations]"
Add component (AddParameter): Name = "PackageDescription"; Value = "DO-214-AA/SMB; 2 C-Bend Leads; Body 5.3 x 3.6 mm, inc. leads (LxW)"; VariantName = "[No Variations]"
Add component (AddParameter): Name = "PackageReference"; Value = "SMB"; VariantName = "[No Variations]"
Add component (AddParameter): Name = "Published"; Value = "8-Jun-2000"; VariantName = "[No Variations]"
Add component (AddParameter): Name = "Publisher"; Value = "Altium Limited"; VariantName = "[No Variations]"
Added Component: Designator=D16(3.2X1.6X1.1)
Add component (AddParameter): Name = "LatestRevisionDate"; Value = "17-Jul-2002"; VariantName = "[No Variations]"
Add component (AddParameter): Name = "LatestRevisionNote"; Value = "Re-released for DXP Platform."; VariantName = "[No Variations]"
Add component (AddParameter): Name = "PackageDescription"; Value = "SM LED; 2 Flat Leads"; VariantName = "[No Variations]"
Add component (AddParameter): Name = "PackageReference"; Value = "3.2X1.6X1.1"; VariantName = "[No Variations]"
Add component (AddParameter): Name = "PackageVersion"; Value = "Feb-2002"; VariantName = "[No Variations]"
Add component (AddParameter): Name = "Published"; Value = "8-Jun-2000"; VariantName = "[No Variations]"
Add component (AddParameter): Name = "Publisher"; Value = "Altium Limited"; VariantName = "[No Variations]"
Added Component: Designator=D17(SMB)
Add component (AddParameter): Name = "Code_JEDEC"; Value = "DO-214-AA"; VariantName = "[No Variations]"
Add component (AddParameter): Name = "LatestRevisionDate"; Value = "17-Jul-2002"; VariantName = "[No Variations]"
Add component (AddParameter): Name = "LatestRevisionNote"; Value = "Re-released for DXP Platform."; VariantName = "[No Variations]"
Add component (AddParameter): Name = "PackageDescription"; Value = "DO-214-AA/SMB; 2 C-Bend Leads; Body 5.3 x 3.6 mm, inc. leads (LxW)"; VariantName = "[No Variations]"
Add component (AddParameter): Name = "PackageReference"; Value = "SMB"; VariantName = "[No Variations]"
Add component (AddParameter): Name = "Published"; Value = "8-Jun-2000"; VariantName = "[No Variations]"
Add component (AddParameter): Name = "Publisher"; Value = "Altium Limited"; VariantName = "[No Variations]"
Added Component: Designator=D18(3.2X1.6X1.1)
Add component (AddParameter): Name = "LatestRevisionDate"; Value = "17-Jul-2002"; VariantName = "[No Variations]"
Add component (AddParameter): Name = "LatestRevisionNote"; Value = "Re-released for DXP Platform."; VariantName = "[No Variations]"
Add component (AddParameter): Name = "PackageDescription"; Value = "SM LED; 2 Flat Leads"; VariantName = "[No Variations]"
Add component (AddParameter): Name = "PackageReference"; Value = "3.2X1.6X1.1"; VariantName = "[No Variations]"
Add component (AddParameter): Name = "PackageVersion"; Value = "Feb-2002"; VariantName = "[No Variations]"
Add component (AddParameter): Name = "Published"; Value = "8-Jun-2000"; VariantName = "[No Variations]"
Add component (AddParameter): Name = "Publisher"; Value = "Altium Limited"; VariantName = "[No Variations]"
Added Component: Designator=D19(SMB)
Add component (AddParameter): Name = "Code_JEDEC"; Value = "DO-214-AA"; VariantName = "[No Variations]"
Add component (AddParameter): Name = "LatestRevisionDate"; Value = "17-Jul-2002"; VariantName = "[No Variations]"
Add component (AddParameter): Name = "LatestRevisionNote"; Value = "Re-released for DXP Platform."; VariantName = "[No Variations]"
Add component (AddParameter): Name = "PackageDescription"; Value = "DO-214-AA/SMB; 2 C-Bend Leads; Body 5.3 x 3.6 mm, inc. leads (LxW)"; VariantName = "[No Variations]"
Add component (AddParameter): Name = "PackageReference"; Value = "SMB"; VariantName = "[No Variations]"
Add component (AddParameter): Name = "Published"; Value = "8-Jun-2000"; VariantName = "[No Variations]"
Add component (AddParameter): Name = "Publisher"; Value = "Altium Limited"; VariantName = "[No Variations]"
Added Component: Designator=D20(3.2X1.6X1.1)
Add component (AddParameter): Name = "LatestRevisionDate"; Value = "17-Jul-2002"; VariantName = "[No Variations]"
Add component (AddParameter): Name = "LatestRevisionNote"; Value = "Re-released for DXP Platform."; VariantName = "[No Variations]"
Add component (AddParameter): Name = "PackageDescription"; Value = "SM LED; 2 Flat Leads"; VariantName = "[No Variations]"
Add component (AddParameter): Name = "PackageReference"; Value = "3.2X1.6X1.1"; VariantName = "[No Variations]"
Add component (AddParameter): Name = "PackageVersion"; Value = "Feb-2002"; VariantName = "[No Variations]"
Add component (AddParameter): Name = "Published"; Value = "8-Jun-2000"; VariantName = "[No Variations]"
Add component (AddParameter): Name = "Publisher"; Value = "Altium Limited"; VariantName = "[No Variations]"
Added Component: Designator=D21(3.2X1.6X1.1)
Add component (AddParameter): Name = "LatestRevisionDate"; Value = "17-Jul-2002"; VariantName = "[No Variations]"
Add component (AddParameter): Name = "LatestRevisionNote"; Value = "Re-released for DXP Platform."; VariantName = "[No Variations]"
Add component (AddParameter): Name = "PackageDescription"; Value = "SM LED; 2 Flat Leads"; VariantName = "[No Variations]"
Add component (AddParameter): Name = "PackageReference"; Value = "3.2X1.6X1.1"; VariantName = "[No Variations]"
Add component (AddParameter): Name = "PackageVersion"; Value = "Feb-2002"; VariantName = "[No Variations]"
Add component (AddParameter): Name = "Published"; Value = "8-Jun-2000"; VariantName = "[No Variations]"
Add component (AddParameter): Name = "Publisher"; Value = "Altium Limited"; VariantName = "[No Variations]"
Added Component: Designator=D22(SMB)
Add component (AddParameter): Name = "Code_JEDEC"; Value = "DO-214-AA"; VariantName = "[No Variations]"
Add component (AddParameter): Name = "LatestRevisionDate"; Value = "17-Jul-2002"; VariantName = "[No Variations]"
Add component (AddParameter): Name = "LatestRevisionNote"; Value = "Re-released for DXP Platform."; VariantName = "[No Variations]"
Add component (AddParameter): Name = "PackageDescription"; Value = "DO-214-AA/SMB; 2 C-Bend Leads; Body 5.3 x 3.6 mm, inc. leads (LxW)"; VariantName = "[No Variations]"
Add component (AddParameter): Name = "PackageReference"; Value = "SMB"; VariantName = "[No Variations]"
Add component (AddParameter): Name = "Published"; Value = "8-Jun-2000"; VariantName = "[No Variations]"
Add component (AddParameter): Name = "Publisher"; Value = "Altium Limited"; VariantName = "[No Variations]"
Added Component: Designator=D23(3.2X1.6X1.1)
Add component (AddParameter): Name = "LatestRevisionDate"; Value = "17-Jul-2002"; VariantName = "[No Variations]"
Add component (AddParameter): Name = "LatestRevisionNote"; Value = "Re-released for DXP Platform."; VariantName = "[No Variations]"
Add component (AddParameter): Name = "PackageDescription"; Value = "SM LED; 2 Flat Leads"; VariantName = "[No Variations]"
Add component (AddParameter): Name = "PackageReference"; Value = "3.2X1.6X1.1"; VariantName = "[No Variations]"
Add component (AddParameter): Name = "PackageVersion"; Value = "Feb-2002"; VariantName = "[No Variations]"
Add component (AddParameter): Name = "Published"; Value = "8-Jun-2000"; VariantName = "[No Variations]"
Add component (AddParameter): Name = "Publisher"; Value = "Altium Limited"; VariantName = "[No Variations]"
Added Component: Designator=D24(3.2X1.6X1.1)
Add component (AddParameter): Name = "LatestRevisionDate"; Value = "17-Jul-2002"; VariantName = "[No Variations]"
Add component (AddParameter): Name = "LatestRevisionNote"; Value = "Re-released for DXP Platform."; VariantName = "[No Variations]"
Add component (AddParameter): Name = "PackageDescription"; Value = "SM LED; 2 Flat Leads"; VariantName = "[No Variations]"
Add component (AddParameter): Name = "PackageReference"; Value = "3.2X1.6X1.1"; VariantName = "[No Variations]"
Add component (AddParameter): Name = "PackageVersion"; Value = "Feb-2002"; VariantName = "[No Variations]"
Add component (AddParameter): Name = "Published"; Value = "8-Jun-2000"; VariantName = "[No Variations]"
Add component (AddParameter): Name = "Publisher"; Value = "Altium Limited"; VariantName = "[No Variations]"
Added Component: Designator=D25(SMB)
Add component (AddParameter): Name = "Code_JEDEC"; Value = "DO-214-AA"; VariantName = "[No Variations]"
Add component (AddParameter): Name = "LatestRevisionDate"; Value = "17-Jul-2002"; VariantName = "[No Variations]"
Add component (AddParameter): Name = "LatestRevisionNote"; Value = "Re-released for DXP Platform."; VariantName = "[No Variations]"
Add component (AddParameter): Name = "PackageDescription"; Value = "DO-214-AA/SMB; 2 C-Bend Leads; Body 5.3 x 3.6 mm, inc. leads (LxW)"; VariantName = "[No Variations]"
Add component (AddParameter): Name = "PackageReference"; Value = "SMB"; VariantName = "[No Variations]"
Add component (AddParameter): Name = "Published"; Value = "8-Jun-2000"; VariantName = "[No Variations]"
Add component (AddParameter): Name = "Publisher"; Value = "Altium Limited"; VariantName = "[No Variations]"
Added Component: Designator=D26(SMB)
Add component (AddParameter): Name = "Code_JEDEC"; Value = "DO-214-AA"; VariantName = "[No Variations]"
Add component (AddParameter): Name = "LatestRevisionDate"; Value = "17-Jul-2002"; VariantName = "[No Variations]"
Add component (AddParameter): Name = "LatestRevisionNote"; Value = "Re-released for DXP Platform."; VariantName = "[No Variations]"
Add component (AddParameter): Name = "PackageDescription"; Value = "DO-214-AA/SMB; 2 C-Bend Leads; Body 5.3 x 3.6 mm, inc. leads (LxW)"; VariantName = "[No Variations]"
Add component (AddParameter): Name = "PackageReference"; Value = "SMB"; VariantName = "[No Variations]"
Add component (AddParameter): Name = "Published"; Value = "8-Jun-2000"; VariantName = "[No Variations]"
Add component (AddParameter): Name = "Publisher"; Value = "Altium Limited"; VariantName = "[No Variations]"
Added Component: Designator=D27(SMB)
Add component (AddParameter): Name = "Code_JEDEC"; Value = "DO-214-AA"; VariantName = "[No Variations]"
Add component (AddParameter): Name = "LatestRevisionDate"; Value = "17-Jul-2002"; VariantName = "[No Variations]"
Add component (AddParameter): Name = "LatestRevisionNote"; Value = "Re-released for DXP Platform."; VariantName = "[No Variations]"
Add component (AddParameter): Name = "PackageDescription"; Value = "DO-214-AA/SMB; 2 C-Bend Leads; Body 5.3 x 3.6 mm, inc. leads (LxW)"; VariantName = "[No Variations]"
Add component (AddParameter): Name = "PackageReference"; Value = "SMB"; VariantName = "[No Variations]"
Add component (AddParameter): Name = "Published"; Value = "8-Jun-2000"; VariantName = "[No Variations]"
Add component (AddParameter): Name = "Publisher"; Value = "Altium Limited"; VariantName = "[No Variations]"
Add Component: Footprint Not Found FUSE_3568
Added Component: Designator=J1(AMASS_XT60-M)
Add component (AddParameter): Name = "Availability"; Value = "Not in stock"; VariantName = "[No Variations]"
Add component (AddParameter): Name = "Check_prices"; Value = "https://www.snapeda.com/parts/XT60-M/AMASS/view-part/?ref=eda"; VariantName = "[No Variations]"
Add component (AddParameter): Name = "MF"; Value = "AMASS"; VariantName = "[No Variations]"
Add component (AddParameter): Name = "MP"; Value = "XT60-M"; VariantName = "[No Variations]"
Add component (AddParameter): Name = "Package"; Value = "Package"; VariantName = "[No Variations]"
Add component (AddParameter): Name = "Price"; Value = "None"; VariantName = "[No Variations]"
Add component (AddParameter): Name = "SnapEDA_Link"; Value = "https://www.snapeda.com/parts/XT60-M/AMASS/view-part/?ref=snap"; VariantName = "[No Variations]"
Add component (AddParameter): Name = "Value"; Value = ""; VariantName = "[No Variations]"
Added Component: Designator=J2(AMASS_XT60-M)
Add component (AddParameter): Name = "Availability"; Value = "Not in stock"; VariantName = "[No Variations]"
Add component (AddParameter): Name = "Check_prices"; Value = "https://www.snapeda.com/parts/XT60-M/AMASS/view-part/?ref=eda"; VariantName = "[No Variations]"
Add component (AddParameter): Name = "MF"; Value = "AMASS"; VariantName = "[No Variations]"
Add component (AddParameter): Name = "MP"; Value = "XT60-M"; VariantName = "[No Variations]"
Add component (AddParameter): Name = "Package"; Value = "Package"; VariantName = "[No Variations]"
Add component (AddParameter): Name = "Price"; Value = "None"; VariantName = "[No Variations]"
Add component (AddParameter): Name = "SnapEDA_Link"; Value = "https://www.snapeda.com/parts/XT60-M/AMASS/view-part/?ref=snap"; VariantName = "[No Variations]"
Add component (AddParameter): Name = "Value"; Value = ""; VariantName = "[No Variations]"
Added Component: Designator=J(SEEED_110990030)
Add component (AddParameter): Name = "Arrow_Electronics-Purchase-URL"; Value = "https://snapeda.com/shop?store=Arrow+Electronics&id=583576"; VariantName = "[No Variations]"
Add component (AddParameter): Name = "Availability"; Value = "Good"; VariantName = "[No Variations]"
Add component (AddParameter): Name = "MF"; Value = "Seeed Technology"; VariantName = "[No Variations]"
Add component (AddParameter): Name = "Mouser-Purchase-URL"; Value = "https://snapeda.com/shop?store=Mouser&id=583576"; VariantName = "[No Variations]"
Add component (AddParameter): Name = "MP"; Value = "110990030"; VariantName = "[No Variations]"
Add component (AddParameter): Name = "Package"; Value = "None"; VariantName = "[No Variations]"
Add component (AddParameter): Name = "Price"; Value = "None"; VariantName = "[No Variations]"
Add component (AddParameter): Name = "SnapEDA_Link"; Value = "https://www.snapeda.com/parts/110990030/Seeed%20Technology%20Co.,%20Ltd/view-part/583576/?ref=snap"; VariantName = "[No Variations]"
Add component (AddParameter): Name = "Value"; Value = ""; VariantName = "[No Variations]"
Added Component: Designator=J(SEEED_110990030)
Add component (AddParameter): Name = "Arrow_Electronics-Purchase-URL"; Value = "https://snapeda.com/shop?store=Arrow+Electronics&id=583576"; VariantName = "[No Variations]"
Add component (AddParameter): Name = "Availability"; Value = "Good"; VariantName = "[No Variations]"
Add component (AddParameter): Name = "MF"; Value = "Seeed Technology"; VariantName = "[No Variations]"
Add component (AddParameter): Name = "Mouser-Purchase-URL"; Value = "https://snapeda.com/shop?store=Mouser&id=583576"; VariantName = "[No Variations]"
Add component (AddParameter): Name = "MP"; Value = "110990030"; VariantName = "[No Variations]"
Add component (AddParameter): Name = "Package"; Value = "None"; VariantName = "[No Variations]"
Add component (AddParameter): Name = "Price"; Value = "None"; VariantName = "[No Variations]"
Add component (AddParameter): Name = "SnapEDA_Link"; Value = "https://www.snapeda.com/parts/110990030/Seeed%20Technology%20Co.,%20Ltd/view-part/583576/?ref=snap"; VariantName = "[No Variations]"
Add component (AddParameter): Name = "Value"; Value = ""; VariantName = "[No Variations]"
Added Component: Designator=J(SEEED_110990030)
Add component (AddParameter): Name = "Arrow_Electronics-Purchase-URL"; Value = "https://snapeda.com/shop?store=Arrow+Electronics&id=583576"; VariantName = "[No Variations]"
Add component (AddParameter): Name = "Availability"; Value = "Good"; VariantName = "[No Variations]"
Add component (AddParameter): Name = "MF"; Value = "Seeed Technology"; VariantName = "[No Variations]"
Add component (AddParameter): Name = "Mouser-Purchase-URL"; Value = "https://snapeda.com/shop?store=Mouser&id=583576"; VariantName = "[No Variations]"
Add component (AddParameter): Name = "MP"; Value = "110990030"; VariantName = "[No Variations]"
Add component (AddParameter): Name = "Package"; Value = "None"; VariantName = "[No Variations]"
Add component (AddParameter): Name = "Price"; Value = "None"; VariantName = "[No Variations]"
Add component (AddParameter): Name = "SnapEDA_Link"; Value = "https://www.snapeda.com/parts/110990030/Seeed%20Technology%20Co.,%20Ltd/view-part/583576/?ref=snap"; VariantName = "[No Variations]"
Add component (AddParameter): Name = "Value"; Value = ""; VariantName = "[No Variations]"
Add Component: Footprint Not Found RELAY_SRD-05VDC-SL-C
Add Component: Footprint Not Found RELAY_SRD-05VDC-SL-C
Add Component: Footprint Not Found RELAY_SRD-05VDC-SL-C
Add Component: Footprint Not Found RELAY_SRD-05VDC-SL-C
Add Component: Footprint Not Found RELAY_SRD-05VDC-SL-C
Add Component: Footprint Not Found RELAY_SRD-05VDC-SL-C
Add Component: Footprint Not Found RELAY_SRD-05VDC-SL-C
Add Component: Footprint Not Found RELAY_SRD-05VDC-SL-C
Add Component: Footprint Not Found RELAY_SRD-05VDC-SL-C
Add Component: Footprint Not Found RELAY_SRD-05VDC-SL-C
Add Component: Footprint Not Found TE_282837-2
Add Component: Footprint Not Found TE_282837-2
Add Component: Footprint Not Found TE_282837-2
Add Component: Footprint Not Found TE_282837-2
Add Component: Footprint Not Found TE_282837-2
Add Component: Footprint Not Found TE_282837-2
Add Component: Footprint Not Found TE_282837-2
Add Component: Footprint Not Found TE_282837-2
Add Component: Footprint Not Found TE_282837-2
Add Component: Footprint Not Found TE_282837-2
Add Component: Footprint Not Found TE_282837-2
Add Component: Footprint Not Found TE_282837-2
Add Component: Footprint Not Found TE_282837-2
Add Component: Footprint Not Found TE_282837-2
Added Component: Designator=Q1(TO-92)
Add component (AddParameter): Name = "Availability"; Value = "Good"; VariantName = "[No Variations]"
Add component (AddParameter): Name = "Check_prices"; Value = "https://www.snapeda.com/parts/LP395Z/NOPB/Texas%20Instruments/view-part/809923/?ref=eda"; VariantName = "[No Variations]"
Add component (AddParameter): Name = "MF"; Value = "Texas Instruments"; VariantName = "[No Variations]"
Add component (AddParameter): Name = "MP"; Value = "LP395Z/NOPB"; VariantName = "[No Variations]"
Add component (AddParameter): Name = "Package"; Value = "TO-92-3 Texas Instruments"; VariantName = "[No Variations]"
Add component (AddParameter): Name = "Price"; Value = "None"; VariantName = "[No Variations]"
Add component (AddParameter): Name = "Purchase-URL"; Value = "https://pricing.snapeda.com/search/part/LP395Z/NOPB/?ref=eda"; VariantName = "[No Variations]"
Add component (AddParameter): Name = "SnapEDA_Link"; Value = "https://www.snapeda.com/parts/LP395Z/NOPB/Texas%20Instruments/view-part/809923/?ref=snap"; VariantName = "[No Variations]"
Add component (AddParameter): Name = "Value"; Value = ""; VariantName = "[No Variations]"
Added Component: Designator=Q2(TO-92)
Add component (AddParameter): Name = "Availability"; Value = "Good"; VariantName = "[No Variations]"
Add component (AddParameter): Name = "Check_prices"; Value = "https://www.snapeda.com/parts/LP395Z/NOPB/Texas%20Instruments/view-part/809923/?ref=eda"; VariantName = "[No Variations]"
Add component (AddParameter): Name = "MF"; Value = "Texas Instruments"; VariantName = "[No Variations]"
Add component (AddParameter): Name = "MP"; Value = "LP395Z/NOPB"; VariantName = "[No Variations]"
Add component (AddParameter): Name = "Package"; Value = "TO-92-3 Texas Instruments"; VariantName = "[No Variations]"
Add component (AddParameter): Name = "Price"; Value = "None"; VariantName = "[No Variations]"
Add component (AddParameter): Name = "Purchase-URL"; Value = "https://pricing.snapeda.com/search/part/LP395Z/NOPB/?ref=eda"; VariantName = "[No Variations]"
Add component (AddParameter): Name = "SnapEDA_Link"; Value = "https://www.snapeda.com/parts/LP395Z/NOPB/Texas%20Instruments/view-part/809923/?ref=snap"; VariantName = "[No Variations]"
Add component (AddParameter): Name = "Value"; Value = ""; VariantName = "[No Variations]"
Added Component: Designator=Q3(TO-92)
Add component (AddParameter): Name = "Availability"; Value = "Good"; VariantName = "[No Variations]"
Add component (AddParameter): Name = "Check_prices"; Value = "https://www.snapeda.com/parts/LP395Z/NOPB/Texas%20Instruments/view-part/809923/?ref=eda"; VariantName = "[No Variations]"
Add component (AddParameter): Name = "MF"; Value = "Texas Instruments"; VariantName = "[No Variations]"
Add component (AddParameter): Name = "MP"; Value = "LP395Z/NOPB"; VariantName = "[No Variations]"
Add component (AddParameter): Name = "Package"; Value = "TO-92-3 Texas Instruments"; VariantName = "[No Variations]"
Add component (AddParameter): Name = "Price"; Value = "None"; VariantName = "[No Variations]"
Add component (AddParameter): Name = "Purchase-URL"; Value = "https://pricing.snapeda.com/search/part/LP395Z/NOPB/?ref=eda"; VariantName = "[No Variations]"
Add component (AddParameter): Name = "SnapEDA_Link"; Value = "https://www.snapeda.com/parts/LP395Z/NOPB/Texas%20Instruments/view-part/809923/?ref=snap"; VariantName = "[No Variations]"
Add component (AddParameter): Name = "Value"; Value = ""; VariantName = "[No Variations]"
Added Component: Designator=Q4(TO-92)
Add component (AddParameter): Name = "Availability"; Value = "Good"; VariantName = "[No Variations]"
Add component (AddParameter): Name = "Check_prices"; Value = "https://www.snapeda.com/parts/LP395Z/NOPB/Texas%20Instruments/view-part/809923/?ref=eda"; VariantName = "[No Variations]"
Add component (AddParameter): Name = "MF"; Value = "Texas Instruments"; VariantName = "[No Variations]"
Add component (AddParameter): Name = "MP"; Value = "LP395Z/NOPB"; VariantName = "[No Variations]"
Add component (AddParameter): Name = "Package"; Value = "TO-92-3 Texas Instruments"; VariantName = "[No Variations]"
Add component (AddParameter): Name = "Price"; Value = "None"; VariantName = "[No Variations]"
Add component (AddParameter): Name = "Purchase-URL"; Value = "https://pricing.snapeda.com/search/part/LP395Z/NOPB/?ref=eda"; VariantName = "[No Variations]"
Add component (AddParameter): Name = "SnapEDA_Link"; Value = "https://www.snapeda.com/parts/LP395Z/NOPB/Texas%20Instruments/view-part/809923/?ref=snap"; VariantName = "[No Variations]"
Add component (AddParameter): Name = "Value"; Value = ""; VariantName = "[No Variations]"
Added Component: Designator=Q5(TO-92)
Add component (AddParameter): Name = "Availability"; Value = "Good"; VariantName = "[No Variations]"
Add component (AddParameter): Name = "Check_prices"; Value = "https://www.snapeda.com/parts/LP395Z/NOPB/Texas%20Instruments/view-part/809923/?ref=eda"; VariantName = "[No Variations]"
Add component (AddParameter): Name = "MF"; Value = "Texas Instruments"; VariantName = "[No Variations]"
Add component (AddParameter): Name = "MP"; Value = "LP395Z/NOPB"; VariantName = "[No Variations]"
Add component (AddParameter): Name = "Package"; Value = "TO-92-3 Texas Instruments"; VariantName = "[No Variations]"
Add component (AddParameter): Name = "Price"; Value = "None"; VariantName = "[No Variations]"
Add component (AddParameter): Name = "Purchase-URL"; Value = "https://pricing.snapeda.com/search/part/LP395Z/NOPB/?ref=eda"; VariantName = "[No Variations]"
Add component (AddParameter): Name = "SnapEDA_Link"; Value = "https://www.snapeda.com/parts/LP395Z/NOPB/Texas%20Instruments/view-part/809923/?ref=snap"; VariantName = "[No Variations]"
Add component (AddParameter): Name = "Value"; Value = ""; VariantName = "[No Variations]"
Added Component: Designator=Q6(TO-92)
Add component (AddParameter): Name = "Availability"; Value = "Good"; VariantName = "[No Variations]"
Add component (AddParameter): Name = "Check_prices"; Value = "https://www.snapeda.com/parts/LP395Z/NOPB/Texas%20Instruments/view-part/809923/?ref=eda"; VariantName = "[No Variations]"
Add component (AddParameter): Name = "MF"; Value = "Texas Instruments"; VariantName = "[No Variations]"
Add component (AddParameter): Name = "MP"; Value = "LP395Z/NOPB"; VariantName = "[No Variations]"
Add component (AddParameter): Name = "Package"; Value = "TO-92-3 Texas Instruments"; VariantName = "[No Variations]"
Add component (AddParameter): Name = "Price"; Value = "None"; VariantName = "[No Variations]"
Add component (AddParameter): Name = "Purchase-URL"; Value = "https://pricing.snapeda.com/search/part/LP395Z/NOPB/?ref=eda"; VariantName = "[No Variations]"
Add component (AddParameter): Name = "SnapEDA_Link"; Value = "https://www.snapeda.com/parts/LP395Z/NOPB/Texas%20Instruments/view-part/809923/?ref=snap"; VariantName = "[No Variations]"
Add component (AddParameter): Name = "Value"; Value = ""; VariantName = "[No Variations]"
Added Component: Designator=Q7(TO-92)
Add component (AddParameter): Name = "Availability"; Value = "Good"; VariantName = "[No Variations]"
Add component (AddParameter): Name = "Check_prices"; Value = "https://www.snapeda.com/parts/LP395Z/NOPB/Texas%20Instruments/view-part/809923/?ref=eda"; VariantName = "[No Variations]"
Add component (AddParameter): Name = "MF"; Value = "Texas Instruments"; VariantName = "[No Variations]"
Add component (AddParameter): Name = "MP"; Value = "LP395Z/NOPB"; VariantName = "[No Variations]"
Add component (AddParameter): Name = "Package"; Value = "TO-92-3 Texas Instruments"; VariantName = "[No Variations]"
Add component (AddParameter): Name = "Price"; Value = "None"; VariantName = "[No Variations]"
Add component (AddParameter): Name = "Purchase-URL"; Value = "https://pricing.snapeda.com/search/part/LP395Z/NOPB/?ref=eda"; VariantName = "[No Variations]"
Add component (AddParameter): Name = "SnapEDA_Link"; Value = "https://www.snapeda.com/parts/LP395Z/NOPB/Texas%20Instruments/view-part/809923/?ref=snap"; VariantName = "[No Variations]"
Add component (AddParameter): Name = "Value"; Value = ""; VariantName = "[No Variations]"
Added Component: Designator=Q8(TO-92)
Add component (AddParameter): Name = "Availability"; Value = "Good"; VariantName = "[No Variations]"
Add component (AddParameter): Name = "Check_prices"; Value = "https://www.snapeda.com/parts/LP395Z/NOPB/Texas%20Instruments/view-part/809923/?ref=eda"; VariantName = "[No Variations]"
Add component (AddParameter): Name = "MF"; Value = "Texas Instruments"; VariantName = "[No Variations]"
Add component (AddParameter): Name = "MP"; Value = "LP395Z/NOPB"; VariantName = "[No Variations]"
Add component (AddParameter): Name = "Package"; Value = "TO-92-3 Texas Instruments"; VariantName = "[No Variations]"
Add component (AddParameter): Name = "Price"; Value = "None"; VariantName = "[No Variations]"
Add component (AddParameter): Name = "Purchase-URL"; Value = "https://pricing.snapeda.com/search/part/LP395Z/NOPB/?ref=eda"; VariantName = "[No Variations]"
Add component (AddParameter): Name = "SnapEDA_Link"; Value = "https://www.snapeda.com/parts/LP395Z/NOPB/Texas%20Instruments/view-part/809923/?ref=snap"; VariantName = "[No Variations]"
Add component (AddParameter): Name = "Value"; Value = ""; VariantName = "[No Variations]"
Added Component: Designator=Q9(TO-92)
Add component (AddParameter): Name = "Availability"; Value = "Good"; VariantName = "[No Variations]"
Add component (AddParameter): Name = "Check_prices"; Value = "https://www.snapeda.com/parts/LP395Z/NOPB/Texas%20Instruments/view-part/809923/?ref=eda"; VariantName = "[No Variations]"
Add component (AddParameter): Name = "MF"; Value = "Texas Instruments"; VariantName = "[No Variations]"
Add component (AddParameter): Name = "MP"; Value = "LP395Z/NOPB"; VariantName = "[No Variations]"
Add component (AddParameter): Name = "Package"; Value = "TO-92-3 Texas Instruments"; VariantName = "[No Variations]"
Add component (AddParameter): Name = "Price"; Value = "None"; VariantName = "[No Variations]"
Add component (AddParameter): Name = "Purchase-URL"; Value = "https://pricing.snapeda.com/search/part/LP395Z/NOPB/?ref=eda"; VariantName = "[No Variations]"
Add component (AddParameter): Name = "SnapEDA_Link"; Value = "https://www.snapeda.com/parts/LP395Z/NOPB/Texas%20Instruments/view-part/809923/?ref=snap"; VariantName = "[No Variations]"
Add component (AddParameter): Name = "Value"; Value = ""; VariantName = "[No Variations]"
Added Component: Designator=Q10(TO-92)
Add component (AddParameter): Name = "Availability"; Value = "Good"; VariantName = "[No Variations]"
Add component (AddParameter): Name = "Check_prices"; Value = "https://www.snapeda.com/parts/LP395Z/NOPB/Texas%20Instruments/view-part/809923/?ref=eda"; VariantName = "[No Variations]"
Add component (AddParameter): Name = "MF"; Value = "Texas Instruments"; VariantName = "[No Variations]"
Add component (AddParameter): Name = "MP"; Value = "LP395Z/NOPB"; VariantName = "[No Variations]"
Add component (AddParameter): Name = "Package"; Value = "TO-92-3 Texas Instruments"; VariantName = "[No Variations]"
Add component (AddParameter): Name = "Price"; Value = "None"; VariantName = "[No Variations]"
Add component (AddParameter): Name = "Purchase-URL"; Value = "https://pricing.snapeda.com/search/part/LP395Z/NOPB/?ref=eda"; VariantName = "[No Variations]"
Add component (AddParameter): Name = "SnapEDA_Link"; Value = "https://www.snapeda.com/parts/LP395Z/NOPB/Texas%20Instruments/view-part/809923/?ref=snap"; VariantName = "[No Variations]"
Add component (AddParameter): Name = "Value"; Value = ""; VariantName = "[No Variations]"
Added Component: Designator=R1(J1-0603)
Add component (AddParameter): Name = "LatestRevisionDate"; Value = "29-May-2009"; VariantName = "[No Variations]"
Add component (AddParameter): Name = "LatestRevisionNote"; Value = "IPC-7351 Footprint Added."; VariantName = "[No Variations]"
Add component (AddParameter): Name = "PackageDescription"; Value = "Chip Resistor"; VariantName = "[No Variations]"
Add component (AddParameter): Name = "PackageReference"; Value = "J1-0603"; VariantName = "[No Variations]"
Add component (AddParameter): Name = "Published"; Value = "8-Jun-2000"; VariantName = "[No Variations]"
Add component (AddParameter): Name = "Publisher"; Value = "Altium Limited"; VariantName = "[No Variations]"
Add component (AddParameter): Name = "Value"; Value = "1K"; VariantName = "[No Variations]"
Added Component: Designator=R2(J1-0603)
Add component (AddParameter): Name = "LatestRevisionDate"; Value = "29-May-2009"; VariantName = "[No Variations]"
Add component (AddParameter): Name = "LatestRevisionNote"; Value = "IPC-7351 Footprint Added."; VariantName = "[No Variations]"
Add component (AddParameter): Name = "PackageDescription"; Value = "Chip Resistor"; VariantName = "[No Variations]"
Add component (AddParameter): Name = "PackageReference"; Value = "J1-0603"; VariantName = "[No Variations]"
Add component (AddParameter): Name = "Published"; Value = "8-Jun-2000"; VariantName = "[No Variations]"
Add component (AddParameter): Name = "Publisher"; Value = "Altium Limited"; VariantName = "[No Variations]"
Add component (AddParameter): Name = "Value"; Value = "1K"; VariantName = "[No Variations]"
Added Component: Designator=R3(J1-0603)
Add component (AddParameter): Name = "LatestRevisionDate"; Value = "29-May-2009"; VariantName = "[No Variations]"
Add component (AddParameter): Name = "LatestRevisionNote"; Value = "IPC-7351 Footprint Added."; VariantName = "[No Variations]"
Add component (AddParameter): Name = "PackageDescription"; Value = "Chip Resistor"; VariantName = "[No Variations]"
Add component (AddParameter): Name = "PackageReference"; Value = "J1-0603"; VariantName = "[No Variations]"
Add component (AddParameter): Name = "Published"; Value = "8-Jun-2000"; VariantName = "[No Variations]"
Add component (AddParameter): Name = "Publisher"; Value = "Altium Limited"; VariantName = "[No Variations]"
Add component (AddParameter): Name = "Value"; Value = "1K"; VariantName = "[No Variations]"
Added Component: Designator=R4(J1-0603)
Add component (AddParameter): Name = "LatestRevisionDate"; Value = "29-May-2009"; VariantName = "[No Variations]"
Add component (AddParameter): Name = "LatestRevisionNote"; Value = "IPC-7351 Footprint Added."; VariantName = "[No Variations]"
Add component (AddParameter): Name = "PackageDescription"; Value = "Chip Resistor"; VariantName = "[No Variations]"
Add component (AddParameter): Name = "PackageReference"; Value = "J1-0603"; VariantName = "[No Variations]"
Add component (AddParameter): Name = "Published"; Value = "8-Jun-2000"; VariantName = "[No Variations]"
Add component (AddParameter): Name = "Publisher"; Value = "Altium Limited"; VariantName = "[No Variations]"
Add component (AddParameter): Name = "Value"; Value = "1K"; VariantName = "[No Variations]"
Added Component: Designator=R5(J1-0603)
Add component (AddParameter): Name = "LatestRevisionDate"; Value = "29-May-2009"; VariantName = "[No Variations]"
Add component (AddParameter): Name = "LatestRevisionNote"; Value = "IPC-7351 Footprint Added."; VariantName = "[No Variations]"
Add component (AddParameter): Name = "PackageDescription"; Value = "Chip Resistor"; VariantName = "[No Variations]"
Add component (AddParameter): Name = "PackageReference"; Value = "J1-0603"; VariantName = "[No Variations]"
Add component (AddParameter): Name = "Published"; Value = "8-Jun-2000"; VariantName = "[No Variations]"
Add component (AddParameter): Name = "Publisher"; Value = "Altium Limited"; VariantName = "[No Variations]"
Add component (AddParameter): Name = "Value"; Value = "1K"; VariantName = "[No Variations]"
Added Component: Designator=R6(J1-0603)
Add component (AddParameter): Name = "LatestRevisionDate"; Value = "29-May-2009"; VariantName = "[No Variations]"
Add component (AddParameter): Name = "LatestRevisionNote"; Value = "IPC-7351 Footprint Added."; VariantName = "[No Variations]"
Add component (AddParameter): Name = "PackageDescription"; Value = "Chip Resistor"; VariantName = "[No Variations]"
Add component (AddParameter): Name = "PackageReference"; Value = "J1-0603"; VariantName = "[No Variations]"
Add component (AddParameter): Name = "Published"; Value = "8-Jun-2000"; VariantName = "[No Variations]"
Add component (AddParameter): Name = "Publisher"; Value = "Altium Limited"; VariantName = "[No Variations]"
Add component (AddParameter): Name = "Value"; Value = "1K"; VariantName = "[No Variations]"
Added Component: Designator=R7(J1-0603)
Add component (AddParameter): Name = "LatestRevisionDate"; Value = "29-May-2009"; VariantName = "[No Variations]"
Add component (AddParameter): Name = "LatestRevisionNote"; Value = "IPC-7351 Footprint Added."; VariantName = "[No Variations]"
Add component (AddParameter): Name = "PackageDescription"; Value = "Chip Resistor"; VariantName = "[No Variations]"
Add component (AddParameter): Name = "PackageReference"; Value = "J1-0603"; VariantName = "[No Variations]"
Add component (AddParameter): Name = "Published"; Value = "8-Jun-2000"; VariantName = "[No Variations]"
Add component (AddParameter): Name = "Publisher"; Value = "Altium Limited"; VariantName = "[No Variations]"
Add component (AddParameter): Name = "Value"; Value = "1K"; VariantName = "[No Variations]"
Added Component: Designator=R8(J1-0603)
Add component (AddParameter): Name = "LatestRevisionDate"; Value = "29-May-2009"; VariantName = "[No Variations]"
Add component (AddParameter): Name = "LatestRevisionNote"; Value = "IPC-7351 Footprint Added."; VariantName = "[No Variations]"
Add component (AddParameter): Name = "PackageDescription"; Value = "Chip Resistor"; VariantName = "[No Variations]"
Add component (AddParameter): Name = "PackageReference"; Value = "J1-0603"; VariantName = "[No Variations]"
Add component (AddParameter): Name = "Published"; Value = "8-Jun-2000"; VariantName = "[No Variations]"
Add component (AddParameter): Name = "Publisher"; Value = "Altium Limited"; VariantName = "[No Variations]"
Add component (AddParameter): Name = "Value"; Value = "1K"; VariantName = "[No Variations]"
Added Component: Designator=R9(J1-0603)
Add component (AddParameter): Name = "LatestRevisionDate"; Value = "29-May-2009"; VariantName = "[No Variations]"
Add component (AddParameter): Name = "LatestRevisionNote"; Value = "IPC-7351 Footprint Added."; VariantName = "[No Variations]"
Add component (AddParameter): Name = "PackageDescription"; Value = "Chip Resistor"; VariantName = "[No Variations]"
Add component (AddParameter): Name = "PackageReference"; Value = "J1-0603"; VariantName = "[No Variations]"
Add component (AddParameter): Name = "Published"; Value = "8-Jun-2000"; VariantName = "[No Variations]"
Add component (AddParameter): Name = "Publisher"; Value = "Altium Limited"; VariantName = "[No Variations]"
Add component (AddParameter): Name = "Value"; Value = "1K"; VariantName = "[No Variations]"
Added Component: Designator=R10(J1-0603)
Add component (AddParameter): Name = "LatestRevisionDate"; Value = "29-May-2009"; VariantName = "[No Variations]"
Add component (AddParameter): Name = "LatestRevisionNote"; Value = "IPC-7351 Footprint Added."; VariantName = "[No Variations]"
Add component (AddParameter): Name = "PackageDescription"; Value = "Chip Resistor"; VariantName = "[No Variations]"
Add component (AddParameter): Name = "PackageReference"; Value = "J1-0603"; VariantName = "[No Variations]"
Add component (AddParameter): Name = "Published"; Value = "8-Jun-2000"; VariantName = "[No Variations]"
Add component (AddParameter): Name = "Publisher"; Value = "Altium Limited"; VariantName = "[No Variations]"
Add component (AddParameter): Name = "Value"; Value = "1K"; VariantName = "[No Variations]"
Added Component: Designator=R11(14-1210)
Add component (AddParameter): Name = "LatestRevisionDate"; Value = "29-May-2009"; VariantName = "[No Variations]"
Add component (AddParameter): Name = "LatestRevisionNote"; Value = "IPC-7351 Footprint Added."; VariantName = "[No Variations]"
Add component (AddParameter): Name = "PackageDescription"; Value = "Chip Resistor"; VariantName = "[No Variations]"
Add component (AddParameter): Name = "PackageReference"; Value = "J1-0603"; VariantName = "[No Variations]"
Add component (AddParameter): Name = "Published"; Value = "8-Jun-2000"; VariantName = "[No Variations]"
Add component (AddParameter): Name = "Publisher"; Value = "Altium Limited"; VariantName = "[No Variations]"
Add component (AddParameter): Name = "Value"; Value = "1K"; VariantName = "[No Variations]"
Added Component: Designator=R12(J1-0603)
Add component (AddParameter): Name = "LatestRevisionDate"; Value = "29-May-2009"; VariantName = "[No Variations]"
Add component (AddParameter): Name = "LatestRevisionNote"; Value = "IPC-7351 Footprint Added."; VariantName = "[No Variations]"
Add component (AddParameter): Name = "PackageDescription"; Value = "Chip Resistor"; VariantName = "[No Variations]"
Add component (AddParameter): Name = "PackageReference"; Value = "J1-0603"; VariantName = "[No Variations]"
Add component (AddParameter): Name = "Published"; Value = "8-Jun-2000"; VariantName = "[No Variations]"
Add component (AddParameter): Name = "Publisher"; Value = "Altium Limited"; VariantName = "[No Variations]"
Add component (AddParameter): Name = "Value"; Value = "1K"; VariantName = "[No Variations]"
Added Component: Designator=R13(J1-0603)
Add component (AddParameter): Name = "LatestRevisionDate"; Value = "29-May-2009"; VariantName = "[No Variations]"
Add component (AddParameter): Name = "LatestRevisionNote"; Value = "IPC-7351 Footprint Added."; VariantName = "[No Variations]"
Add component (AddParameter): Name = "PackageDescription"; Value = "Chip Resistor"; VariantName = "[No Variations]"
Add component (AddParameter): Name = "PackageReference"; Value = "J1-0603"; VariantName = "[No Variations]"
Add component (AddParameter): Name = "Published"; Value = "8-Jun-2000"; VariantName = "[No Variations]"
Add component (AddParameter): Name = "Publisher"; Value = "Altium Limited"; VariantName = "[No Variations]"
Add component (AddParameter): Name = "Value"; Value = "1K"; VariantName = "[No Variations]"
Added Component: Designator=R14(J1-0603)
Add component (AddParameter): Name = "LatestRevisionDate"; Value = "29-May-2009"; VariantName = "[No Variations]"
Add component (AddParameter): Name = "LatestRevisionNote"; Value = "IPC-7351 Footprint Added."; VariantName = "[No Variations]"
Add component (AddParameter): Name = "PackageDescription"; Value = "Chip Resistor"; VariantName = "[No Variations]"
Add component (AddParameter): Name = "PackageReference"; Value = "J1-0603"; VariantName = "[No Variations]"
Add component (AddParameter): Name = "Published"; Value = "8-Jun-2000"; VariantName = "[No Variations]"
Add component (AddParameter): Name = "Publisher"; Value = "Altium Limited"; VariantName = "[No Variations]"
Add component (AddParameter): Name = "Value"; Value = "1K"; VariantName = "[No Variations]"
Added Component: Designator=R15(J1-0603)
Add component (AddParameter): Name = "LatestRevisionDate"; Value = "29-May-2009"; VariantName = "[No Variations]"
Add component (AddParameter): Name = "LatestRevisionNote"; Value = "IPC-7351 Footprint Added."; VariantName = "[No Variations]"
Add component (AddParameter): Name = "PackageDescription"; Value = "Chip Resistor"; VariantName = "[No Variations]"
Add component (AddParameter): Name = "PackageReference"; Value = "J1-0603"; VariantName = "[No Variations]"
Add component (AddParameter): Name = "Published"; Value = "8-Jun-2000"; VariantName = "[No Variations]"
Add component (AddParameter): Name = "Publisher"; Value = "Altium Limited"; VariantName = "[No Variations]"
Add component (AddParameter): Name = "Value"; Value = "1K"; VariantName = "[No Variations]"
Added Component: Designator=R16(J1-0603)
Add component (AddParameter): Name = "LatestRevisionDate"; Value = "29-May-2009"; VariantName = "[No Variations]"
Add component (AddParameter): Name = "LatestRevisionNote"; Value = "IPC-7351 Footprint Added."; VariantName = "[No Variations]"
Add component (AddParameter): Name = "PackageDescription"; Value = "Chip Resistor"; VariantName = "[No Variations]"
Add component (AddParameter): Name = "PackageReference"; Value = "J1-0603"; VariantName = "[No Variations]"
Add component (AddParameter): Name = "Published"; Value = "8-Jun-2000"; VariantName = "[No Variations]"
Add component (AddParameter): Name = "Publisher"; Value = "Altium Limited"; VariantName = "[No Variations]"
Add component (AddParameter): Name = "Value"; Value = "1K"; VariantName = "[No Variations]"
Added Component: Designator=R17(J1-0603)
Add component (AddParameter): Name = "LatestRevisionDate"; Value = "29-May-2009"; VariantName = "[No Variations]"
Add component (AddParameter): Name = "LatestRevisionNote"; Value = "IPC-7351 Footprint Added."; VariantName = "[No Variations]"
Add component (AddParameter): Name = "PackageDescription"; Value = "Chip Resistor"; VariantName = "[No Variations]"
Add component (AddParameter): Name = "PackageReference"; Value = "J1-0603"; VariantName = "[No Variations]"
Add component (AddParameter): Name = "Published"; Value = "8-Jun-2000"; VariantName = "[No Variations]"
Add component (AddParameter): Name = "Publisher"; Value = "Altium Limited"; VariantName = "[No Variations]"
Add component (AddParameter): Name = "Value"; Value = "1K"; VariantName = "[No Variations]"
Added Component: Designator=R18(J1-0603)
Add component (AddParameter): Name = "LatestRevisionDate"; Value = "29-May-2009"; VariantName = "[No Variations]"
Add component (AddParameter): Name = "LatestRevisionNote"; Value = "IPC-7351 Footprint Added."; VariantName = "[No Variations]"
Add component (AddParameter): Name = "PackageDescription"; Value = "Chip Resistor"; VariantName = "[No Variations]"
Add component (AddParameter): Name = "PackageReference"; Value = "J1-0603"; VariantName = "[No Variations]"
Add component (AddParameter): Name = "Published"; Value = "8-Jun-2000"; VariantName = "[No Variations]"
Add component (AddParameter): Name = "Publisher"; Value = "Altium Limited"; VariantName = "[No Variations]"
Add component (AddParameter): Name = "Value"; Value = "1K"; VariantName = "[No Variations]"
Added Component: Designator=R19(J1-0603)
Add component (AddParameter): Name = "LatestRevisionDate"; Value = "29-May-2009"; VariantName = "[No Variations]"
Add component (AddParameter): Name = "LatestRevisionNote"; Value = "IPC-7351 Footprint Added."; VariantName = "[No Variations]"
Add component (AddParameter): Name = "PackageDescription"; Value = "Chip Resistor"; VariantName = "[No Variations]"
Add component (AddParameter): Name = "PackageReference"; Value = "J1-0603"; VariantName = "[No Variations]"
Add component (AddParameter): Name = "Published"; Value = "8-Jun-2000"; VariantName = "[No Variations]"
Add component (AddParameter): Name = "Publisher"; Value = "Altium Limited"; VariantName = "[No Variations]"
Add component (AddParameter): Name = "Value"; Value = "1K"; VariantName = "[No Variations]"
Added Component: Designator=R20(J1-0603)
Add component (AddParameter): Name = "LatestRevisionDate"; Value = "29-May-2009"; VariantName = "[No Variations]"
Add component (AddParameter): Name = "LatestRevisionNote"; Value = "IPC-7351 Footprint Added."; VariantName = "[No Variations]"
Add component (AddParameter): Name = "PackageDescription"; Value = "Chip Resistor"; VariantName = "[No Variations]"
Add component (AddParameter): Name = "PackageReference"; Value = "J1-0603"; VariantName = "[No Variations]"
Add component (AddParameter): Name = "Published"; Value = "8-Jun-2000"; VariantName = "[No Variations]"
Add component (AddParameter): Name = "Publisher"; Value = "Altium Limited"; VariantName = "[No Variations]"
Add component (AddParameter): Name = "Value"; Value = "1K"; VariantName = "[No Variations]"
Added Component: Designator=R21(J1-0603)
Add component (AddParameter): Name = "LatestRevisionDate"; Value = "29-May-2009"; VariantName = "[No Variations]"
Add component (AddParameter): Name = "LatestRevisionNote"; Value = "IPC-7351 Footprint Added."; VariantName = "[No Variations]"
Add component (AddParameter): Name = "PackageDescription"; Value = "Chip Resistor"; VariantName = "[No Variations]"
Add component (AddParameter): Name = "PackageReference"; Value = "J1-0603"; VariantName = "[No Variations]"
Add component (AddParameter): Name = "Published"; Value = "8-Jun-2000"; VariantName = "[No Variations]"
Add component (AddParameter): Name = "Publisher"; Value = "Altium Limited"; VariantName = "[No Variations]"
Add component (AddParameter): Name = "Value"; Value = "1K"; VariantName = "[No Variations]"
Added Component: Designator=R22(J1-0603)
Add component (AddParameter): Name = "LatestRevisionDate"; Value = "29-May-2009"; VariantName = "[No Variations]"
Add component (AddParameter): Name = "LatestRevisionNote"; Value = "IPC-7351 Footprint Added."; VariantName = "[No Variations]"
Add component (AddParameter): Name = "PackageDescription"; Value = "Chip Resistor"; VariantName = "[No Variations]"
Add component (AddParameter): Name = "PackageReference"; Value = "J1-0603"; VariantName = "[No Variations]"
Add component (AddParameter): Name = "Published"; Value = "8-Jun-2000"; VariantName = "[No Variations]"
Add component (AddParameter): Name = "Publisher"; Value = "Altium Limited"; VariantName = "[No Variations]"
Add component (AddParameter): Name = "Value"; Value = "1K"; VariantName = "[No Variations]"
Added Component: Designator=U1(MODULE_ESP32-DEVKITC-32D)
Add component (AddParameter): Name = "Availability"; Value = "Unavailable"; VariantName = "[No Variations]"
Add component (AddParameter): Name = "MF"; Value = ""; VariantName = "[No Variations]"
Add component (AddParameter): Name = "MP"; Value = "ESP32-DEVKITC-32D"; VariantName = "[No Variations]"
Add component (AddParameter): Name = "Package"; Value = "None"; VariantName = "[No Variations]"
Add component (AddParameter): Name = "Price"; Value = "None"; VariantName = "[No Variations]"
Add component (AddParameter): Name = "Value"; Value = ""; VariantName = "[No Variations]"
Added Pin To Net: NetName=GND Pin=D12-2
Added Pin To Net: NetName=GND Pin=Q1-1
Added Pin To Net: NetName=GND Pin=Q2-1
Added Pin To Net: NetName=GND Pin=Q3-1
Added Pin To Net: NetName=GND Pin=Q4-1
Added Pin To Net: NetName=GND Pin=Q5-1
Added Pin To Net: NetName=GND Pin=Q6-1
Added Pin To Net: NetName=GND Pin=Q7-1
Added Pin To Net: NetName=GND Pin=Q8-1
Added Pin To Net: NetName=GND Pin=Q9-1
Added Pin To Net: NetName=GND Pin=Q10-1
Added Net: Name=GND
Added Pin To Net: NetName=Net*_1 Pin=*-1
Added Pin To Net: NetName=Net*_1 Pin=J2-P
Added Net: Name=Net*_1
Added Pin To Net: NetName=Net*_2 Pin=*-2
Added Pin To Net: NetName=Net*_2 Pin=*-4
Added Pin To Net: NetName=Net*_2 Pin=J1-N
Added Pin To Net: NetName=Net*_2 Pin=J2-N
Added Net: Name=Net*_2
Added Pin To Net: NetName=Net*_3 Pin=*-3
Added Pin To Net: NetName=Net*_3 Pin=R16-1
Added Net: Name=Net*_3
Added Pin To Net: NetName=NetD1_1 Pin=D1-1
Added Pin To Net: NetName=NetD1_1 Pin=R2-1
Added Net: Name=NetD1_1
Added Pin To Net: NetName=NetD1_2 Pin=D1-2
Added Pin To Net: NetName=NetD1_2 Pin=D14-1
Added Pin To Net: NetName=NetD1_2 Pin=Q3-3
Added Net: Name=NetD1_2
Added Pin To Net: NetName=NetD2_1 Pin=D2-1
Added Pin To Net: NetName=NetD2_1 Pin=R3-1
Added Net: Name=NetD2_1
Added Pin To Net: NetName=NetD2_2 Pin=D2-2
Added Pin To Net: NetName=NetD2_2 Pin=D11-1
Added Pin To Net: NetName=NetD2_2 Pin=Q1-3
Added Net: Name=NetD2_2
Added Pin To Net: NetName=NetD3_1 Pin=D3-1
Added Pin To Net: NetName=NetD3_1 Pin=R5-1
Added Net: Name=NetD3_1
Added Pin To Net: NetName=NetD3_2 Pin=D3-2
Added Pin To Net: NetName=NetD3_2 Pin=D22-1
Added Pin To Net: NetName=NetD3_2 Pin=Q7-3
Added Net: Name=NetD3_2
Added Pin To Net: NetName=NetD4_1 Pin=D4-1
Added Pin To Net: NetName=NetD4_1 Pin=R4-1
Added Net: Name=NetD4_1
Added Pin To Net: NetName=NetD4_2 Pin=D4-2
Added Pin To Net: NetName=NetD4_2 Pin=D13-1
Added Pin To Net: NetName=NetD4_2 Pin=Q2-3
Added Net: Name=NetD4_2
Added Pin To Net: NetName=NetD5_1 Pin=D5-1
Added Pin To Net: NetName=NetD5_1 Pin=R6-1
Added Net: Name=NetD5_1
Added Pin To Net: NetName=NetD5_2 Pin=D5-2
Added Pin To Net: NetName=NetD5_2 Pin=D25-1
Added Pin To Net: NetName=NetD5_2 Pin=Q8-3
Added Net: Name=NetD5_2
Added Pin To Net: NetName=NetD6_1 Pin=D6-1
Added Pin To Net: NetName=NetD6_1 Pin=R10-1
Added Net: Name=NetD6_1
Added Pin To Net: NetName=NetD6_2 Pin=D6-2
Added Pin To Net: NetName=NetD6_2 Pin=D19-1
Added Pin To Net: NetName=NetD6_2 Pin=Q6-3
Added Net: Name=NetD6_2
Added Pin To Net: NetName=NetD7_1 Pin=D7-1
Added Pin To Net: NetName=NetD7_1 Pin=R7-1
Added Net: Name=NetD7_1
Added Pin To Net: NetName=NetD7_2 Pin=D7-2
Added Pin To Net: NetName=NetD7_2 Pin=D17-1
Added Pin To Net: NetName=NetD7_2 Pin=Q5-3
Added Net: Name=NetD7_2
Added Pin To Net: NetName=NetD8_1 Pin=D8-1
Added Pin To Net: NetName=NetD8_1 Pin=R9-1
Added Net: Name=NetD8_1
Added Pin To Net: NetName=NetD8_2 Pin=D8-2
Added Pin To Net: NetName=NetD8_2 Pin=D15-1
Added Pin To Net: NetName=NetD8_2 Pin=Q4-3
Added Net: Name=NetD8_2
Added Pin To Net: NetName=NetD9_1 Pin=D9-1
Added Pin To Net: NetName=NetD9_1 Pin=R8-1
Added Net: Name=NetD9_1
Added Pin To Net: NetName=NetD9_2 Pin=D9-2
Added Pin To Net: NetName=NetD9_2 Pin=D26-1
Added Pin To Net: NetName=NetD9_2 Pin=Q9-3
Added Net: Name=NetD9_2
Added Pin To Net: NetName=NetD10_1 Pin=D10-1
Added Pin To Net: NetName=NetD10_1 Pin=R1-1
Added Net: Name=NetD10_1
Added Pin To Net: NetName=NetD10_2 Pin=D10-2
Added Pin To Net: NetName=NetD10_2 Pin=D27-1
Added Pin To Net: NetName=NetD10_2 Pin=Q10-3
Added Net: Name=NetD10_2
Added Pin To Net: NetName=NetD11_2 Pin=D11-2
Added Pin To Net: NetName=NetD11_2 Pin=D13-2
Added Pin To Net: NetName=NetD11_2 Pin=D14-2
Added Pin To Net: NetName=NetD11_2 Pin=D15-2
Added Pin To Net: NetName=NetD11_2 Pin=D17-2
Added Pin To Net: NetName=NetD11_2 Pin=D19-2
Added Pin To Net: NetName=NetD11_2 Pin=D22-2
Added Pin To Net: NetName=NetD11_2 Pin=D25-2
Added Pin To Net: NetName=NetD11_2 Pin=D26-2
Added Pin To Net: NetName=NetD11_2 Pin=D27-2
Added Pin To Net: NetName=NetD11_2 Pin=J1-P
Added Pin To Net: NetName=NetD11_2 Pin=R1-2
Added Pin To Net: NetName=NetD11_2 Pin=R2-2
Added Pin To Net: NetName=NetD11_2 Pin=R3-2
Added Pin To Net: NetName=NetD11_2 Pin=R4-2
Added Pin To Net: NetName=NetD11_2 Pin=R5-2
Added Pin To Net: NetName=NetD11_2 Pin=R6-2
Added Pin To Net: NetName=NetD11_2 Pin=R7-2
Added Pin To Net: NetName=NetD11_2 Pin=R8-2
Added Pin To Net: NetName=NetD11_2 Pin=R9-2
Added Pin To Net: NetName=NetD11_2 Pin=R10-2
Added Pin To Net: NetName=NetD11_2 Pin=R11-2
Added Net: Name=NetD11_2
Added Pin To Net: NetName=NetD12_1 Pin=D12-1
Added Pin To Net: NetName=NetD12_1 Pin=R11-1
Added Net: Name=NetD12_1
Added Pin To Net: NetName=NetD16_1 Pin=D16-1
Added Pin To Net: NetName=NetD16_1 Pin=R16-2
Added Net: Name=NetD16_1
Added Net: Name=NetF_1
Added Pin To Net: NetName=NetF_2 Pin=U1-19
Added Net: Name=NetF_2
Added Net: Name=NetK1_NC
Added Net: Name=NetK1_NO
Added Net: Name=NetK2_NC
Added Net: Name=NetK2_NO
Added Net: Name=NetK3_NC
Added Net: Name=NetK3_NO
Added Net: Name=NetK4_NC
Added Net: Name=NetK4_NO
Added Net: Name=NetK5_NC
Added Net: Name=NetK5_NO
Added Net: Name=NetK6_NC
Added Net: Name=NetK6_NO
Added Net: Name=NetK7_NC
Added Net: Name=NetK7_NO
Added Net: Name=NetK8_NC
Added Net: Name=NetK8_NO
Added Net: Name=NetK9_NC
Added Net: Name=NetK9_NO
Added Net: Name=NetK10_NC
Added Net: Name=NetK10_NO
Added Pin To Net: NetName=NetQ1_2 Pin=Q1-2
Added Pin To Net: NetName=NetQ1_2 Pin=R12-2
Added Net: Name=NetQ1_2
Added Pin To Net: NetName=NetQ2_2 Pin=Q2-2
Added Pin To Net: NetName=NetQ2_2 Pin=R13-2
Added Net: Name=NetQ2_2
Added Pin To Net: NetName=NetQ3_2 Pin=Q3-2
Added Pin To Net: NetName=NetQ3_2 Pin=R14-2
Added Net: Name=NetQ3_2
Added Pin To Net: NetName=NetQ4_2 Pin=Q4-2
Added Pin To Net: NetName=NetQ4_2 Pin=R15-2
Added Net: Name=NetQ4_2
Added Pin To Net: NetName=NetQ5_2 Pin=Q5-2
Added Pin To Net: NetName=NetQ5_2 Pin=R17-2
Added Net: Name=NetQ5_2
Added Pin To Net: NetName=NetQ6_2 Pin=Q6-2
Added Pin To Net: NetName=NetQ6_2 Pin=R18-2
Added Net: Name=NetQ6_2
Added Pin To Net: NetName=NetQ7_2 Pin=Q7-2
Added Pin To Net: NetName=NetQ7_2 Pin=R19-2
Added Net: Name=NetQ7_2
Added Pin To Net: NetName=NetQ8_2 Pin=Q8-2
Added Pin To Net: NetName=NetQ8_2 Pin=R20-2
Added Net: Name=NetQ8_2
Added Pin To Net: NetName=NetQ9_2 Pin=Q9-2
Added Pin To Net: NetName=NetQ9_2 Pin=R21-2
Added Net: Name=NetQ9_2
Added Pin To Net: NetName=NetQ10_2 Pin=Q10-2
Added Pin To Net: NetName=NetQ10_2 Pin=R22-2
Added Net: Name=NetQ10_2
Added Pin To Net: NetName=NetR12_1 Pin=R12-1
Added Pin To Net: NetName=NetR12_1 Pin=R13-1
Added Pin To Net: NetName=NetR12_1 Pin=R14-1
Added Pin To Net: NetName=NetR12_1 Pin=R15-1
Added Pin To Net: NetName=NetR12_1 Pin=R17-1
Added Pin To Net: NetName=NetR12_1 Pin=R18-1
Added Pin To Net: NetName=NetR12_1 Pin=R19-1
Added Pin To Net: NetName=NetR12_1 Pin=R20-1
Added Pin To Net: NetName=NetR12_1 Pin=R21-1
Added Pin To Net: NetName=NetR12_1 Pin=R22-1
Added Net: Name=NetR12_1
Added Class: Name=Sheet2
Added Room: Name=Sheet2
