Removed Pin From Net: NetName=Net*_1 Pin=*-1
Removed Pin From Net: NetName=Net*_1 Pin=*-1
Removed Pin From Net: NetName=Net*_1 Pin=*-1
Removed Pin From Net: NetName=Net*_1 Pin=*-2
Removed Pin From Net: NetName=Net*_1 Pin=*-2
Removed Pin From Net: NetName=Net*_1 Pin=*-2
Removed Pin From Net: NetName=Net*_1 Pin=*-3
Removed Pin From Net: NetName=Net*_1 Pin=*-3
Removed Pin From Net: NetName=Net*_1 Pin=*-3
Removed Pin From Net: NetName=Net*_1 Pin=*-4
Removed Pin From Net: NetName=Net*_1 Pin=*-4
Removed Pin From Net: NetName=Net*_1 Pin=*-4
Removed Pin From Net: NetName=Net*_1 Pin=P14-1
Removed Pin From Net: NetName=Net*_1 Pin=P14-2
Removed Pin From Net: NetName=NetD11_2 Pin=U2-10
Added Component: Designator=D39(3.2X1.6X1.1)
Add component (AddParameter): Name = "LatestRevisionDate"; Value = "17-Jul-2002"; VariantName = "[No Variations]"
Add component (AddParameter): Name = "LatestRevisionNote"; Value = "Re-released for DXP Platform."; VariantName = "[No Variations]"
Add component (AddParameter): Name = "PackageDescription"; Value = "SM LED; 2 Flat Leads"; VariantName = "[No Variations]"
Add component (AddParameter): Name = "PackageReference"; Value = "3.2X1.6X1.1"; VariantName = "[No Variations]"
Add component (AddParameter): Name = "PackageVersion"; Value = "Feb-2002"; VariantName = "[No Variations]"
Add component (AddParameter): Name = "Published"; Value = "8-Jun-2000"; VariantName = "[No Variations]"
Add component (AddParameter): Name = "Publisher"; Value = "Altium Limited"; VariantName = "[No Variations]"
Added Component: Designator=F2(FUSE_4527)
Add component (AddParameter): Name = "Availability"; Value = "Unavailable"; VariantName = "[No Variations]"
Add component (AddParameter): Name = "MF"; Value = ""; VariantName = "[No Variations]"
Add component (AddParameter): Name = "MP"; Value = "4527"; VariantName = "[No Variations]"
Add component (AddParameter): Name = "Package"; Value = "None"; VariantName = "[No Variations]"
Add component (AddParameter): Name = "Price"; Value = "None"; VariantName = "[No Variations]"
Add component (AddParameter): Name = "Value"; Value = ""; VariantName = "[No Variations]"
Add Component: Footprint Not Found TE_282834-3
Added Component: Designator=P17(TE_282837-2)
Add component (AddParameter): Name = "Availability"; Value = "Unavailable"; VariantName = "[No Variations]"
Add component (AddParameter): Name = "MF"; Value = ""; VariantName = "[No Variations]"
Add component (AddParameter): Name = "MP"; Value = "282837-2"; VariantName = "[No Variations]"
Add component (AddParameter): Name = "Package"; Value = "None"; VariantName = "[No Variations]"
Add component (AddParameter): Name = "Price"; Value = "None"; VariantName = "[No Variations]"
Add component (AddParameter): Name = "Value"; Value = ""; VariantName = "[No Variations]"
Added Component: Designator=P18(TE_282837-2)
Add component (AddParameter): Name = "Availability"; Value = "Unavailable"; VariantName = "[No Variations]"
Add component (AddParameter): Name = "MF"; Value = ""; VariantName = "[No Variations]"
Add component (AddParameter): Name = "MP"; Value = "282837-2"; VariantName = "[No Variations]"
Add component (AddParameter): Name = "Package"; Value = "None"; VariantName = "[No Variations]"
Add component (AddParameter): Name = "Price"; Value = "None"; VariantName = "[No Variations]"
Add component (AddParameter): Name = "Value"; Value = ""; VariantName = "[No Variations]"
Added Pin To Net: NetName=GND Pin=*-4
Added Pin To Net: NetName=GND Pin=*-4
Added Pin To Net: NetName=GND Pin=*-4
Added Pin To Net: NetName=NetD11_2 Pin=F2-2
Add Pin To Net: Unknown Pin: Pin J3-1
Add Pin To Net: Unknown Pin: Pin J3-2
Add Pin To Net: Unknown Pin: Pin J3-3
Added Pin To Net: NetName=NetD38_1 Pin=U1-13
Change Net Name : Old Net Name=Net*_1 New Net Name=NetJ_4
Added Pin To Net: NetName=Net*_1 Pin=*-1
Added Pin To Net: NetName=Net*_1 Pin=P14-1
Added Net: Name=Net*_1
Add Net: Net with name "Net*_1" already exists
Add Net: Net with name "Net*_1" already exists
Add Net: Net with name "Net*_1" already exists
Added Pin To Net: NetName=Net*_2 Pin=*-2
Added Pin To Net: NetName=Net*_2 Pin=P17-2
Added Net: Name=Net*_2
Add Net: Net with name "Net*_2" already exists
Add Net: Net with name "Net*_2" already exists
Added Pin To Net: NetName=NetD39_1 Pin=D39-1
Added Pin To Net: NetName=NetD39_1 Pin=F2-1
Added Net: Name=NetD39_1
Added Pin To Net: NetName=NetD39_2 Pin=D39-2
Added Pin To Net: NetName=NetD39_2 Pin=U2-10
Added Net: Name=NetD39_2
Added Member To Class: ClassName=Sheet2 Member=Component * cytron_md_horizontal_p
Added Member To Class: ClassName=Sheet2 Member=Component * cytron_md_horizontal_p
Added Member To Class: ClassName=Sheet2 Member=Component * micro_buck
Added Member To Class: ClassName=Sheet2 Member=Component D39 LED2
Added Member To Class: ClassName=Sheet2 Member=Component F2 4527
Add Class Member: Failed to add class member : Component J3 282834-3
Added Member To Class: ClassName=Sheet2 Member=Component J 110990030
Added Member To Class: ClassName=Sheet2 Member=Component J 110990030
Added Member To Class: ClassName=Sheet2 Member=Component P17 282837-2
Added Member To Class: ClassName=Sheet2 Member=Component P18 282837-2
