Add Component: Footprint Not Found TE_282834-3
Added Component: Designator=SW1(SW_1825910-6-4)
Add component (AddParameter): Name = "Availability"; Value = "Unavailable"; VariantName = "[No Variations]"
Add component (AddParameter): Name = "MF"; Value = ""; VariantName = "[No Variations]"
Add component (AddParameter): Name = "MP"; Value = "1825910-6"; VariantName = "[No Variations]"
Add component (AddParameter): Name = "Package"; Value = "None"; VariantName = "[No Variations]"
Add component (AddParameter): Name = "Price"; Value = "None"; VariantName = "[No Variations]"
Add component (AddParameter): Name = "Value"; Value = ""; VariantName = "[No Variations]"
Added Component: Designator=SW2(SW_1825910-6-4)
Add component (AddParameter): Name = "Availability"; Value = "Unavailable"; VariantName = "[No Variations]"
Add component (AddParameter): Name = "MF"; Value = ""; VariantName = "[No Variations]"
Add component (AddParameter): Name = "MP"; Value = "1825910-6"; VariantName = "[No Variations]"
Add component (AddParameter): Name = "Package"; Value = "None"; VariantName = "[No Variations]"
Add component (AddParameter): Name = "Price"; Value = "None"; VariantName = "[No Variations]"
Add component (AddParameter): Name = "Value"; Value = ""; VariantName = "[No Variations]"
Added Component: Designator=SW3(SW_1825910-6-4)
Add component (AddParameter): Name = "Availability"; Value = "Unavailable"; VariantName = "[No Variations]"
Add component (AddParameter): Name = "MF"; Value = ""; VariantName = "[No Variations]"
Add component (AddParameter): Name = "MP"; Value = "1825910-6"; VariantName = "[No Variations]"
Add component (AddParameter): Name = "Package"; Value = "None"; VariantName = "[No Variations]"
Add component (AddParameter): Name = "Price"; Value = "None"; VariantName = "[No Variations]"
Add component (AddParameter): Name = "Value"; Value = ""; VariantName = "[No Variations]"
Added Component: Designator=SW4(SW_1825910-6-4)
Add component (AddParameter): Name = "Availability"; Value = "Unavailable"; VariantName = "[No Variations]"
Add component (AddParameter): Name = "MF"; Value = ""; VariantName = "[No Variations]"
Add component (AddParameter): Name = "MP"; Value = "1825910-6"; VariantName = "[No Variations]"
Add component (AddParameter): Name = "Package"; Value = "None"; VariantName = "[No Variations]"
Add component (AddParameter): Name = "Price"; Value = "None"; VariantName = "[No Variations]"
Add component (AddParameter): Name = "Value"; Value = ""; VariantName = "[No Variations]"
Added Component: Designator=SW5(SW_1825910-6-4)
Add component (AddParameter): Name = "Availability"; Value = "Unavailable"; VariantName = "[No Variations]"
Add component (AddParameter): Name = "MF"; Value = ""; VariantName = "[No Variations]"
Add component (AddParameter): Name = "MP"; Value = "1825910-6"; VariantName = "[No Variations]"
Add component (AddParameter): Name = "Package"; Value = "None"; VariantName = "[No Variations]"
Add component (AddParameter): Name = "Price"; Value = "None"; VariantName = "[No Variations]"
Add component (AddParameter): Name = "Value"; Value = ""; VariantName = "[No Variations]"
Added Component: Designator=SW6(SW_1825910-6-4)
Add component (AddParameter): Name = "Availability"; Value = "Unavailable"; VariantName = "[No Variations]"
Add component (AddParameter): Name = "MF"; Value = ""; VariantName = "[No Variations]"
Add component (AddParameter): Name = "MP"; Value = "1825910-6"; VariantName = "[No Variations]"
Add component (AddParameter): Name = "Package"; Value = "None"; VariantName = "[No Variations]"
Add component (AddParameter): Name = "Price"; Value = "None"; VariantName = "[No Variations]"
Add component (AddParameter): Name = "Value"; Value = ""; VariantName = "[No Variations]"
Added Component: Designator=SW7(SW_1825910-6-4)
Add component (AddParameter): Name = "Availability"; Value = "Unavailable"; VariantName = "[No Variations]"
Add component (AddParameter): Name = "MF"; Value = ""; VariantName = "[No Variations]"
Add component (AddParameter): Name = "MP"; Value = "1825910-6"; VariantName = "[No Variations]"
Add component (AddParameter): Name = "Package"; Value = "None"; VariantName = "[No Variations]"
Add component (AddParameter): Name = "Price"; Value = "None"; VariantName = "[No Variations]"
Add component (AddParameter): Name = "Value"; Value = ""; VariantName = "[No Variations]"
Added Component: Designator=SW9(SW_1825910-6-4)
Add component (AddParameter): Name = "Availability"; Value = "Unavailable"; VariantName = "[No Variations]"
Add component (AddParameter): Name = "MF"; Value = ""; VariantName = "[No Variations]"
Add component (AddParameter): Name = "MP"; Value = "1825910-6"; VariantName = "[No Variations]"
Add component (AddParameter): Name = "Package"; Value = "None"; VariantName = "[No Variations]"
Add component (AddParameter): Name = "Price"; Value = "None"; VariantName = "[No Variations]"
Add component (AddParameter): Name = "Value"; Value = ""; VariantName = "[No Variations]"
Added Component: Designator=SW10(SW_1825910-6-4)
Add component (AddParameter): Name = "Availability"; Value = "Unavailable"; VariantName = "[No Variations]"
Add component (AddParameter): Name = "MF"; Value = ""; VariantName = "[No Variations]"
Add component (AddParameter): Name = "MP"; Value = "1825910-6"; VariantName = "[No Variations]"
Add component (AddParameter): Name = "Package"; Value = "None"; VariantName = "[No Variations]"
Add component (AddParameter): Name = "Price"; Value = "None"; VariantName = "[No Variations]"
Add component (AddParameter): Name = "Value"; Value = ""; VariantName = "[No Variations]"
Add Pin To Net: Unknown Pin: Pin J3-1
Add Pin To Net: Unknown Pin: Pin J3-2
Add Pin To Net: Unknown Pin: Pin J3-3
Added Pin To Net: NetName=NetD11_2 Pin=SW1-1
Added Pin To Net: NetName=NetD11_2 Pin=SW1-2
Added Pin To Net: NetName=NetD28_2 Pin=SW1-3
Added Pin To Net: NetName=NetD28_2 Pin=SW1-4
Added Pin To Net: NetName=NetD11_2 Pin=SW2-1
Added Pin To Net: NetName=NetD11_2 Pin=SW2-2
Added Pin To Net: NetName=NetD30_2 Pin=SW2-3
Added Pin To Net: NetName=NetD30_2 Pin=SW2-4
Added Pin To Net: NetName=NetD11_2 Pin=SW3-1
Added Pin To Net: NetName=NetD11_2 Pin=SW3-2
Added Pin To Net: NetName=NetD31_2 Pin=SW3-3
Added Pin To Net: NetName=NetD31_2 Pin=SW3-4
Added Pin To Net: NetName=NetD11_2 Pin=SW4-1
Added Pin To Net: NetName=NetD11_2 Pin=SW4-2
Added Pin To Net: NetName=NetD32_2 Pin=SW4-3
Added Pin To Net: NetName=NetD32_2 Pin=SW4-4
Added Pin To Net: NetName=NetD11_2 Pin=SW5-1
Added Pin To Net: NetName=NetD11_2 Pin=SW5-2
Added Pin To Net: NetName=NetD33_2 Pin=SW5-3
Added Pin To Net: NetName=NetD33_2 Pin=SW5-4
Added Pin To Net: NetName=NetD11_2 Pin=SW6-1
Added Pin To Net: NetName=NetD11_2 Pin=SW6-2
Added Pin To Net: NetName=NetD34_2 Pin=SW6-3
Added Pin To Net: NetName=NetD34_2 Pin=SW6-4
Added Pin To Net: NetName=NetD11_2 Pin=SW7-1
Added Pin To Net: NetName=NetD11_2 Pin=SW7-2
Added Pin To Net: NetName=NetD35_2 Pin=SW7-3
Added Pin To Net: NetName=NetD35_2 Pin=SW7-4
Added Pin To Net: NetName=NetD11_2 Pin=SW9-1
Added Pin To Net: NetName=NetD11_2 Pin=SW9-2
Added Pin To Net: NetName=NetD37_2 Pin=SW9-3
Added Pin To Net: NetName=NetD37_2 Pin=SW9-4
Added Pin To Net: NetName=NetD11_2 Pin=SW10-1
Added Pin To Net: NetName=NetD11_2 Pin=SW10-2
Added Pin To Net: NetName=NetD38_2 Pin=SW10-3
Added Pin To Net: NetName=NetD38_2 Pin=SW10-4
Add Net: Net with name "Net*_1" already exists
Added Member To Class: ClassName=Sheet2 Member=Component * micro_buck
Added Member To Class: ClassName=Sheet2 Member=Component * cytron_md_horizontal_p
Added Member To Class: ClassName=Sheet2 Member=Component * cytron_md_horizontal_p
Add Class Member: Failed to add class member : Component J3 282834-3
Added Member To Class: ClassName=Sheet2 Member=Component J 110990030
Added Member To Class: ClassName=Sheet2 Member=Component J 110990030
Added Member To Class: ClassName=Sheet2 Member=Component SW1 1825910-6
Added Member To Class: ClassName=Sheet2 Member=Component SW2 1825910-6
Added Member To Class: ClassName=Sheet2 Member=Component SW3 1825910-6
Added Member To Class: ClassName=Sheet2 Member=Component SW4 1825910-6
Added Member To Class: ClassName=Sheet2 Member=Component SW5 1825910-6
Added Member To Class: ClassName=Sheet2 Member=Component SW6 1825910-6
Added Member To Class: ClassName=Sheet2 Member=Component SW7 1825910-6
Added Member To Class: ClassName=Sheet2 Member=Component SW9 1825910-6
Added Member To Class: ClassName=Sheet2 Member=Component SW10 1825910-6
